This is TeX, Version 3.1415 (C version 6.1) (format=latex 94.6.28)  8 SEP 1995 12:51
**&latex2e njc
(njc.tex
LaTeX2e <1994/06/01> patch level 2
Hyphenation patterns for english, norsk, swedish, danish,
german & francais loaded.
(/local/TeX/macros/LaTeX/latex209.def
File: latex209.def 1994/06/01 Standard LaTeX file

Entering LaTeX 2.09 compatibility mode.
\footheight=\dimen102
\@maxsep=\dimen103
\@dblmaxsep=\dimen104
(/local/TeX/macros/LaTeX/tracefnt.sty
Package: tracefnt 1994/05/29 v2.3k Standard LaTeX package (font tracing)
\tracingfonts=\count82
LaTeX Info: Redefining \selectfont on input line 113.
)
\symbold=\mathgroup4
\symsans=\mathgroup5
\symtypewriter=\mathgroup6
\symitalic=\mathgroup7
\symsmallcaps=\mathgroup8
\symslanted=\mathgroup9
LaTeX Font Info:    Redeclaring math alphabet \mathbf on input line 179.
LaTeX Font Info:    Redeclaring math alphabet \mathsf on input line 180.
LaTeX Font Info:    Redeclaring math alphabet \mathtt on input line 181.
LaTeX Font Info:    Redeclaring math alphabet \mathit on input line 187.
LaTeX Info: Redefining \em on input line 197.
 (/local/TeX/macros/LaTeX/latexsym.sty
Package: latexsym 1994/05/27 v2.1e Standard LaTeX package (lasy symbols)
\symlasy=\mathgroup10
LaTeX Font Info:    Overwriting symbol font `lasy' in version `bold'
(Font)                  U/lasy/m/n --> U/lasy/b/n on input line 47.
)
LaTeX Font Info:    Redeclaring math delimiter \lgroup on input line 262.
LaTeX Font Info:    Redeclaring math delimiter \rgroup on input line 264.
LaTeX Font Info:    Redeclaring math delimiter \bracevert on input line 266.
)
(/local/TeX/macros/LaTeX/article.cls
Document Class: article 1994/06/02 v1.2s Standard LaTeX document class
(/local/TeX/macros/LaTeX/size10.clo
File: size10.clo 1994/06/02 v1.2s Standard LaTeX file (size option)
)
\c@part=\count83
\c@section=\count84
\c@subsection=\count85
\c@subsubsection=\count86
\c@paragraph=\count87
\c@subparagraph=\count88
\c@figure=\count89
\c@table=\count90
\abovecaptionskip=\skip41
\belowcaptionskip=\skip42
Compatibility mode: definition of \rm ignored.
Compatibility mode: definition of \sf ignored.
Compatibility mode: definition of \tt ignored.
Compatibility mode: definition of \bf ignored.
Compatibility mode: definition of \it ignored.
Compatibility mode: definition of \sl ignored.
Compatibility mode: definition of \sc ignored.
\bibindent=\dimen105
) (/local/TeX/macros/misc/a4wide.sty
(/local/TeX/macros/misc/a4.sty)) (defs.tex
\c@CLAIM=\count91
\c@AXIOM=\count92
\c@SP=\count93
\c@ITEM=\count94
\clauselabelwidth=\skip43
) (/local/TeX/macros/XY-pic/xypic.tex (/local/TeX/macros/XY-pic/xyv2.tex (/loca
l/TeX/macros/XY-pic/xy.tex
Bootstrap'ing: catcodes, docmode, (/local/TeX/macros/XY-pic/xyidioms.tex)

 XY-pic version 2.12 <1994/10/25>
 Copyright (c) 1991-1994 by Kristoffer H. Rose <kris@diku.dk>
 XY-pic is free software: see the User's Guide for details.

Loading kernel: messages; fonts; allocations: state,
\Xc=\dimen106
\Yc=\dimen107
\Uc=\dimen108
\Dc=\dimen109
\Lc=\dimen110
\Rc=\dimen111
\Edgec=\toks15
\Xp=\dimen112
\Yp=\dimen113
\Up=\dimen114
\Dp=\dimen115
\Lp=\dimen116
\Rp=\dimen117
\Edgep=\toks16
\Xorigin=\dimen118
\Yorigin=\dimen119
\Xxbase=\dimen120
\Yxbase=\dimen121
\Xybase=\dimen122
\Yybase=\dimen123
\Xmin=\dimen124
\Ymin=\dimen125
\Xmax=\dimen126
\Ymax=\dimen127
\lastobjectbox@=\box25
\zerodotbox@=\box26
 direction,
\dX=\dimen128
\dY=\dimen129
\K=\count95
\KK@=\count96
\Direction=\count97
\K@dXdY=\dimen130
\K@dYdX=\dimen131
\xyread@=\read1
\xywrite@=\write4
\csp@=\count98
\quotPTK@=\dimen132

utility macros; pictures: \xy, positions, objects, decorations;
kernel objects: directionals, circles, text; options; algorithms: directions,
edges, connections; XY-pic loaded)
XY-pic option: Version 2 Compatibility feature v.2.12

XY-pic Warning: `\stop' redefined.

(/local/TeX/macros/XY-pic/xyframe.tex
XY-pic option: Frame and Bracket extension v.2.12 loaded)
(/local/TeX/macros/XY-pic/xymatrix.tex XY-pic option: Matrix feature v.2.12
\row@=\count99
\col@=\count100
\queue@=\toks17
\queue@@=\toks18
\qcount@=\count101
\qcount@@=\count102
\matrixsize@=\count103

loaded) (/local/TeX/macros/XY-pic/xyarrow.tex
XY-pic option: Arrow and Path feature v.2.12 path, \ar, loaded)
\xydiagramno@=\count104
 loaded))
(njc.aux
! Missing \endcsname inserted.
<to be read again> 
                   \mskip 
l.29 \newlabel{'df\mskip -\thinmuskip s'}{{3}{7}}
                                                 
? 

LaTeX Warning: Label `'df\mskip -\thinmuskip s'' multiply defined.

! Missing \endcsname inserted.
<to be read again> 
                   \mskip 
l.29 \newlabel{'df\mskip -\thinmuskip s'}{{3}{7}}
                                                 
? 
)
LaTeX Font Info:    Checking defaults for T1/cmr/m/n on input line 7.
LaTeX Font Info:    ... okay on input line 7.
LaTeX Font Info:    Checking defaults for OT1/cmr/m/n on input line 7.
LaTeX Font Info:    ... okay on input line 7.
LaTeX Font Info:    Checking defaults for OML/cmm/m/it on input line 7.
LaTeX Font Info:    ... okay on input line 7.
LaTeX Font Info:    Checking defaults for OMS/cmsy/m/n on input line 7.
LaTeX Font Info:    ... okay on input line 7.
LaTeX Font Info:    Checking defaults for OMX/cmex/m/n on input line 7.
LaTeX Font Info:    ... okay on input line 7.
LaTeX Font Info:    Checking defaults for U/cmr/m/n on input line 7.
LaTeX Font Info:    ... okay on input line 7.
LaTeX Font Info:    No math setup on input line 20.
LaTeX Font Info:    External font `cmex10' loaded for size
(Font)              <12> on input line 20.
LaTeX Font Info:    External font `cmex10' loaded for size
(Font)              <8> on input line 20.
LaTeX Font Info:    External font `cmex10' loaded for size
(Font)              <6> on input line 20.
LaTeX Font Info:    Try loading font information for U+lasy on input line 20.
 (/local/TeX/macros/LaTeX/Ulasy.fd
File: Ulasy.fd 1994/05/27 v2.1eLaTeX symbol font definitions
)
LaTeX Font Info:    No math setup on input line 31.
LaTeX Font Info:    External font `cmex10' loaded for size
(Font)              <7> on input line 31.
LaTeX Font Info:    External font `cmex10' loaded for size
(Font)              <5> on input line 31.
LaTeX Font Info:    No math setup on input line 32.
 [1

]
LaTeX Font Info:    No math setup on input line 71.
 [2] [3] (ref.latex)
Overfull \hbox (22.13808pt too wide) in paragraph at lines 152--169
 []$[]$ 
 []

[4] [5]
LaTeX Font Info:    No math setup on input line 219.
LaTeX Font Info:    No math setup on input line 222.
LaTeX Font Info:    No math setup on input line 247.
LaTeX Font Info:    External font `cmex10' loaded for size
(Font)              <9> on input line 247.
LaTeX Font Info:    No math setup on input line 269.
 [6]
LaTeX Font Info:    No math setup on input line 284.
LaTeX Font Info:    No math setup on input line 285.
 <xymatrix 5x4 717> [7] [8] [9]
LaTeX Font Info:    No math setup on input line 454.
LaTeX Font Info:    No math setup on input line 464.
 [10]
LaTeX Font Info:    No math setup on input line 514.
 [11]
LaTeX Font Info:    No math setup on input line 519.
 [12] [13] [14] [15]
[16]
LaTeX Font Info:    No math setup on input line 783.
LaTeX Font Info:    No math setup on input line 789.
 [17]
Underfull \hbox (badness 10000) in paragraph at lines 825--836

 []

[18] [19]
LaTeX Font Info:    No math setup on input line 935.
LaTeX Font Info:    No math setup on input line 937.
 [20]
LaTeX Font Info:    No math setup on input line 945.
 <xymatrix
LaTeX Font Info:    No math setup on input line 950.
 2x2 229> [21]
Overfull \hbox (6.42744pt too wide) in paragraph at lines 1020--1033
\OT1/cmss/m/n/10 CH  \OT1/cmr/bx/n/10 is  []    \OT1/cmss/m/n/10 CH1  \OT1/cmr/
bx/n/10 is  []
 []

[22]
LaTeX Font Info:    No math setup on input line 1058.
LaTeX Font Info:    No math setup on input line 1073.
LaTeX Font Info:    No math setup on input line 1085.
LaTeX Font Info:    No math setup on input line 1085.
LaTeX Font Info:    No math setup on input line 1085.
LaTeX Font Info:    No math setup on input line 1086.
 [23]
LaTeX Font Info:    No math setup on input line 1091.
LaTeX Font Info:    No math setup on input line 1094.
LaTeX Font Info:    No math setup on input line 1114.
LaTeX Font Info:    No math setup on input line 1115.
 [24] [25]
Overfull \hbox (9.91222pt too wide) in paragraph at lines 1196--1232
[]$ 
 []

[26] [27] [28] [29] (njc.aux
! Missing \endcsname inserted.
<to be read again> 
                   \mskip 
l.29 \newlabel{'df\mskip -\thinmuskip s'}{{3}{7}}
                                                 
? 
)

LaTeX Warning: There were multiply-defined labels.

 ) 
Here is how much of TeX's memory you used:
 1848 strings out of 11024
 16330 string characters out of 74866
 113723 words of memory out of 262141
 4610 multiletter control sequences out of 9500
 22261 words of font info for 83 fonts, out of 100000 for 255
 14 hyphenation exceptions out of 607
 22i,20n,25p,1050b,453s stack positions out of 300i,40n,60p,3000b,4000s

Output written on njc.dvi (29 pages, 178096 bytes).
