This is TeX, Version 3.1415 (C version 6.1) (format=latex 94.6.28)  17 SEP 1996 12:38
**&latex2e Nsunni
(Nsunni.tex
LaTeX2e <1994/06/01> patch level 2
Hyphenation patterns for english, norsk, swedish, danish,
german & francais loaded.
(/local/TeX/macros/LaTeX/latex209.def
File: latex209.def 1994/06/01 Standard LaTeX file

Entering LaTeX 2.09 compatibility mode.
\footheight=\dimen102
\@maxsep=\dimen103
\@dblmaxsep=\dimen104
(/local/TeX/macros/LaTeX/tracefnt.sty
Package: tracefnt 1994/05/29 v2.3k Standard LaTeX package (font tracing)
\tracingfonts=\count82
LaTeX Info: Redefining \selectfont on input line 113.
)
\symbold=\mathgroup4
\symsans=\mathgroup5
\symtypewriter=\mathgroup6
\symitalic=\mathgroup7
\symsmallcaps=\mathgroup8
\symslanted=\mathgroup9
LaTeX Font Info:    Redeclaring math alphabet \mathbf on input line 179.
LaTeX Font Info:    Redeclaring math alphabet \mathsf on input line 180.
LaTeX Font Info:    Redeclaring math alphabet \mathtt on input line 181.
LaTeX Font Info:    Redeclaring math alphabet \mathit on input line 187.
LaTeX Info: Redefining \em on input line 197.
 (/local/TeX/macros/LaTeX/latexsym.sty
Package: latexsym 1994/05/27 v2.1e Standard LaTeX package (lasy symbols)
\symlasy=\mathgroup10
LaTeX Font Info:    Overwriting symbol font `lasy' in version `bold'
(Font)                  U/lasy/m/n --> U/lasy/b/n on input line 47.
)
LaTeX Font Info:    Redeclaring math delimiter \lgroup on input line 262.
LaTeX Font Info:    Redeclaring math delimiter \rgroup on input line 264.
LaTeX Font Info:    Redeclaring math delimiter \bracevert on input line 266.
)
(/local/TeX/macros/LaTeX/article.cls
Document Class: article 1994/06/02 v1.2s Standard LaTeX document class
(/local/TeX/macros/LaTeX/size11.clo
File: size11.clo 1994/06/02 v1.2s Standard LaTeX file (size option)
)
\c@part=\count83
\c@section=\count84
\c@subsection=\count85
\c@subsubsection=\count86
\c@paragraph=\count87
\c@subparagraph=\count88
\c@figure=\count89
\c@table=\count90
\abovecaptionskip=\skip41
\belowcaptionskip=\skip42
Compatibility mode: definition of \rm ignored.
Compatibility mode: definition of \sf ignored.
Compatibility mode: definition of \tt ignored.
Compatibility mode: definition of \bf ignored.
Compatibility mode: definition of \it ignored.
Compatibility mode: definition of \sl ignored.
Compatibility mode: definition of \sc ignored.
\bibindent=\dimen105
) (a4wide.sty)
\c@THESIS=\count91
 (Nsunni.aux)
LaTeX Font Info:    Checking defaults for T1/cmr/m/n on input line 39.
LaTeX Font Info:    ... okay on input line 39.
LaTeX Font Info:    Checking defaults for OT1/cmr/m/n on input line 39.
LaTeX Font Info:    ... okay on input line 39.
LaTeX Font Info:    Checking defaults for OML/cmm/m/it on input line 39.
LaTeX Font Info:    ... okay on input line 39.
LaTeX Font Info:    Checking defaults for OMS/cmsy/m/n on input line 39.
LaTeX Font Info:    ... okay on input line 39.
LaTeX Font Info:    Checking defaults for OMX/cmex/m/n on input line 39.
LaTeX Font Info:    ... okay on input line 39.
LaTeX Font Info:    Checking defaults for U/cmr/m/n on input line 39.
LaTeX Font Info:    ... okay on input line 39.
LaTeX Font Info:    No math setup on input line 46.
LaTeX Font Info:    External font `cmex10' loaded for size
(Font)              <12> on input line 46.
LaTeX Font Info:    External font `cmex10' loaded for size
(Font)              <8> on input line 46.
LaTeX Font Info:    External font `cmex10' loaded for size
(Font)              <6> on input line 46.
LaTeX Font Info:    Try loading font information for U+lasy on input line 46.

(/local/TeX/macros/LaTeX/Ulasy.fd
File: Ulasy.fd 1994/05/27 v2.1eLaTeX symbol font definitions
)
LaTeX Font Info:    No math setup on input line 74.
LaTeX Font Info:    External font `cmex10' loaded for size
(Font)              <10.95> on input line 74.
LaTeX Font Info:    No math setup on input line 78.
LaTeX Font Info:    External font `cmex10' loaded for size
(Font)              <9> on input line 78.
LaTeX Font Info:    External font `cmex10' loaded for size
(Font)              <5> on input line 78.
 [1

]
LaTeX Font Info:    No math setup on input line 119.
LaTeX Font Info:    No math setup on input line 120.
LaTeX Font Info:    No math setup on input line 129.
LaTeX Font Info:    No math setup on input line 133.
 [2]
LaTeX Font Info:    No math setup on input line 186.
LaTeX Font Info:    No math setup on input line 188.
 [3] [4] [5]
LaTeX Font Info:    No math setup on input line 321.
LaTeX Font Info:    No math setup on input line 323.
 [6]
Overfull \hbox (9.4522pt too wide) in paragraph at lines 344--372
[]\OT1/cmr/m/n/10.95 At \OT1/cmr/m/sl/10.95 in-ten-sjonale ob-jek-ter \OT1/cmr/
m/n/10.95 over-skrider \OT1/cmr/m/sl/10.95 ak-tu-alitet-sho-rison-ten \OT1/cmr/
m/n/10.95 og fremtrer ulikt gjen-nom forskjel-
 []

[7] [8] [9]
Overfull \hbox (0.54007pt too wide) in paragraph at lines 503--517
[]\OT1/cmr/m/n/10.95 Begrensningen lig-ger i at meto-den er laget for ^^Wa stud
-ere \OT1/cmr/m/sl/10.95 es-senser\OT1/cmr/m/n/10.95 , spe-sielt, at den foresk
river
 []

[10] (Nsunni.aux) ) 
Here is how much of TeX's memory you used:
 455 strings out of 11024
 4507 string characters out of 74866
 49088 words of memory out of 262141
 3251 multiletter control sequences out of 9500
 20782 words of font info for 75 fonts, out of 100000 for 255
 14 hyphenation exceptions out of 607
 22i,6n,21p,217b,251s stack positions out of 300i,40n,60p,3000b,4000s

Output written on Nsunni.dvi (10 pages, 35044 bytes).
