This is TeX, Version 3.14159 (Web2C 7.3.1) (format=latex 2000.2.2)  29 SEP 2000 18:22
**generalIni
(generalIni.tex
LaTeX2e <1999/12/01> patch level 1
Babel <v3.6Z> and hyphenation patterns for american, french, german, ngerman, d
anish, norsk, swedish, nohyphenation, loaded.
(/local/teTeX/share/texmf/tex/latex/base/article.cls
Document Class: article 1999/09/10 v1.4a Standard LaTeX document class
(/local/teTeX/share/texmf/tex/latex/base/size12.clo
File: size12.clo 1999/09/10 v1.4a Standard LaTeX file (size option)
)
\c@part=\count79
\c@section=\count80
\c@subsection=\count81
\c@subsubsection=\count82
\c@paragraph=\count83
\c@subparagraph=\count84
\c@figure=\count85
\c@table=\count86
\abovecaptionskip=\skip41
\belowcaptionskip=\skip42
\bibindent=\dimen102
) (a4wide.tex) (defs.tex
(/local/teTeX/share/texmf/tex/latex/amsfonts/amssymb.sty
Package: amssymb 1996/11/03 v2.2b

(/local/teTeX/share/texmf/tex/latex/amsfonts/amsfonts.sty
Package: amsfonts 1997/09/17 v2.2e
\@emptytoks=\toks14
\symAMSa=\mathgroup4
\symAMSb=\mathgroup5
LaTeX Font Info:    Overwriting math alphabet `\mathfrak' in version `bold'
(Font)                  U/euf/m/n --> U/euf/b/n on input line 133.
))
(/local/teTeX/share/texmf/tex/latex/base/latexsym.sty
Package: latexsym 1998/08/17 v2.2e Standard LaTeX package (lasy symbols)
\symlasy=\mathgroup6
LaTeX Font Info:    Overwriting symbol font `lasy' in version `bold'
(Font)                  U/lasy/m/n --> U/lasy/b/n on input line 42.
)
\listskip=\skip43
\eqpskip=\skip44
\c@CLAIM=\count87
)
(/local/teTeX/share/texmf/tex/generic/xypic/xypic.tex
(/local/teTeX/share/texmf/tex/generic/xypic/xyv2.tex
(/local/teTeX/share/texmf/tex/generic/xypic/xy.tex Bootstrap'ing: catcodes,
docmode, (/local/teTeX/share/texmf/tex/generic/xypic/xyrecat.tex)
(/local/teTeX/share/texmf/tex/generic/xypic/xyidioms.tex)

 Xy-pic version 3.7 <1999/02/16>
 Copyright (c) 1991-1998 by Kristoffer H. Rose <krisrose@ens-lyon.fr>
 Xy-pic is free software: see the User's Guide for details.

Loading kernel: messages; fonts; allocations: state,
\X@c=\dimen103
\Y@c=\dimen104
\U@c=\dimen105
\D@c=\dimen106
\L@c=\dimen107
\R@c=\dimen108
\Edge@c=\toks15
\X@p=\dimen109
\Y@p=\dimen110
\U@p=\dimen111
\D@p=\dimen112
\L@p=\dimen113
\R@p=\dimen114
\Edge@p=\toks16
\X@origin=\dimen115
\Y@origin=\dimen116
\X@xbase=\dimen117
\Y@xbase=\dimen118
\X@ybase=\dimen119
\Y@ybase=\dimen120
\X@min=\dimen121
\Y@min=\dimen122
\X@max=\dimen123
\Y@max=\dimen124
\lastobjectbox@=\box26
\zerodotbox@=\box27
\almostz@=\dimen125
 direction,
\d@X=\dimen126
\d@Y=\dimen127
\K@=\count88
\KK@=\count89
\Direction=\count90
\K@dXdY=\dimen128
\K@dYdX=\dimen129
\xyread@=\read1
\xywrite@=\write3
\csp@=\count91
\quotPTK@=\dimen130

utility macros; pictures: \xy, positions,
\swaptoks@@=\toks17
\connectobjectbox@@=\box28
 objects,
\styletoks@=\toks18
 decorations;
kernel objects: directionals, circles, text; options; algorithms: directions,
edges, connections;  Xy-pic loaded)
 Xy-pic option: Version 2 Compatibility v.3.4

Xy-pic Warning: `\stop' redefined.

(/local/teTeX/share/texmf/tex/generic/xypic/xyframe.tex
 Xy-pic option: Frame and Bracket extension v.3.7 loaded)
(/local/teTeX/share/texmf/tex/generic/xypic/xymatrix.tex
 Xy-pic option: Matrix feature v.3.4
\Row=\count92
\Col=\count93
\queue@=\toks19
\queue@@=\toks20
\qcount@=\count94
\qcount@@=\count95
\matrixsize@=\count96
 loaded)
(/local/teTeX/share/texmf/tex/generic/xypic/xyarrow.tex
 Xy-pic option: Arrow and Path feature v.3.5 path, \ar, loaded) loaded))
(/local/teTeX/share/texmf/tex/generic/xypic/xycurve.tex
 Xy-pic option: Curve and Spline extension v.3.7 curve,
\crv@cnt@=\count97
\crvpts@=\toks21
\splinebox@=\box29
\splineval@=\dimen131
\splinedepth@=\dimen132
\splinetol@=\dimen133
\splinelength@=\dimen134
 circles,
\L@=\dimen135
 loaded)
(generalIni.aux)
\openout1 = `generalIni.aux'.

LaTeX Font Info:    Checking defaults for OML/cmm/m/it on input line 17.
LaTeX Font Info:    ... okay on input line 17.
LaTeX Font Info:    Checking defaults for T1/cmr/m/n on input line 17.
LaTeX Font Info:    ... okay on input line 17.
LaTeX Font Info:    Checking defaults for OT1/cmr/m/n on input line 17.
LaTeX Font Info:    ... okay on input line 17.
LaTeX Font Info:    Checking defaults for OMS/cmsy/m/n on input line 17.
LaTeX Font Info:    ... okay on input line 17.
LaTeX Font Info:    Checking defaults for OMX/cmex/m/n on input line 17.
LaTeX Font Info:    ... okay on input line 17.
LaTeX Font Info:    Checking defaults for U/cmr/m/n on input line 17.
LaTeX Font Info:    ... okay on input line 17.
LaTeX Font Info:    Try loading font information for U+msa on input line 23.
 (/local/teTeX/share/texmf/tex/latex/amsfonts/umsa.fd
File: umsa.fd 1995/01/05 v2.2e AMS font definitions
)
LaTeX Font Info:    Try loading font information for U+msb on input line 23.

(/local/teTeX/share/texmf/tex/latex/amsfonts/umsb.fd
File: umsb.fd 1995/01/05 v2.2e AMS font definitions
)
LaTeX Font Info:    Try loading font information for U+lasy on input line 23.

(/local/teTeX/share/texmf/tex/latex/base/ulasy.fd
File: ulasy.fd 1998/08/17 v2.2eLaTeX symbol font definitions
)

LaTeX Font Warning: Command \scriptsize invalid in math mode on input line 82.


LaTeX Font Warning: Command \scriptsize invalid in math mode on input line 83.


Overfull \hbox (9.47917pt too wide) in paragraph at lines 86--91
$[][]$ \OT1/cmr/m/n/12 is ini-tial \OT1/cmr/m/it/12 for $[]\OT1/cmr/m/n/12 (\OM
S/cmsy/m/n/12 L\OT1/cmr/m/n/12 (^^F))$ with $\OMS/cmsy/m/n/12 L\OT1/cmr/m/n/12 
(^^F)$-homomorphisms (in fact, any $\OMS/cmsy/m/n/12 S\OT1/cmr/m/n/12 (^^F)$-ho
momorphisms).
 []


LaTeX Font Warning: Command \scriptsize invalid in math mode on input line 96.


LaTeX Font Warning: Command \scriptsize invalid in math mode on input line 98.

[1

] [2] [3] <xymatrix 3x5 322> [4]
Overfull \hbox (37.90163pt too wide) in paragraph at lines 366--367
[]\OT1/cmr/m/it/12 If $\OMS/cmsy/m/n/12 L$ \OT1/cmr/m/it/12 is strictly im-me-d
i-ate then $[][]$ is ini-tial in $[]$ wrt. $\OMS/cmsy/m/n/12 L\OT1/cmr/m/n/12 (
^^F)$\OT1/cmr/m/it/12 -homomorphisms. 
 []

<xymatrix 2x3 149> [5] [6] <xymatrix 6x6 476>
! Double superscript.
\inv #1#2->#1^
              {-}[#2]
l.553 \inv{h'_i}{{\quot{A_{i}}{\equiv^{A_{i}}}}}
                                                \in\Str{\lequ}$. By
? 
[7]
Overfull \hbox (22.81914pt too wide) in paragraph at lines 585--589
[]\OT1/cmr/m/it/12 A $\OT1/cmr/m/n/12 ^^F$\OT1/cmr/m/it/12 -substructure of an 
$\OML/cmm/m/it/12 A \OMS/cmsy/m/n/12 2 []\OT1/cmr/m/n/12 (\OMS/cmsy/m/n/12 L\OT
1/cmr/m/n/12 (^^F))$ \OT1/cmr/m/it/12 is a struc-ture $\OML/cmm/m/it/12 B \OT1/
cmr/m/n/12 = \OMS/cmsy/m/n/12 hj\OML/cmm/m/it/12 B\OMS/cmsy/m/n/12 j\OML/cmm/m/
it/12 ; L[]; :::; L[]; \OT1/cmr/m/n/12 ^^F[]\OMS/cmsy/m/n/12 i$
 []

[8] [9] [10]

LaTeX Font Warning: Command \scriptsize invalid in math mode on input line 711.


<xymatrix 2x1 94> [11]

LaTeX Font Warning: Command \scriptsize invalid in math mode on input line 799.



LaTeX Font Warning: Command \scriptsize invalid in math mode on input line 804.


[12] [13] (generalIni.aux) ) 
Here is how much of TeX's memory you used:
 2978 strings out of 10888
 30826 string characters out of 71831
 160760 words of memory out of 263001
 5911 multiletter control sequences out of 10000+0
 19768 words of font info for 79 fonts, out of 400000 for 1000
 14 hyphenation exceptions out of 1000
 29i,15n,24p,220b,842s stack positions out of 300i,100n,500p,50000b,4000s

Output written on generalIni.dvi (13 pages, 99436 bytes).
