This is TeX, Version 3.1415 (C version 6.1) (format=latex 94.6.28)  30 SEP 1999 18:22
**&latex2e par
(par.tex
LaTeX2e <1994/06/01> patch level 2
Hyphenation patterns for english, norsk, swedish, danish,
german & francais loaded.
(/local/TeX/macros/LaTeX/article.cls
Document Class: article 1994/06/02 v1.2s Standard LaTeX document class
(/local/TeX/macros/LaTeX/size10.clo
File: size10.clo 1994/06/02 v1.2s Standard LaTeX file (size option)
)
\c@part=\count82
\c@section=\count83
\c@subsection=\count84
\c@subsubsection=\count85
\c@paragraph=\count86
\c@subparagraph=\count87
\c@figure=\count88
\c@table=\count89
\abovecaptionskip=\skip41
\belowcaptionskip=\skip42
\bibindent=\dimen102
) (/local/TeX/macros/xypic-3.5/xy.sty
(/local/TeX/macros/xypic-3.5/xy.tex Bootstrap'ing: catcodes, docmode,
(/local/TeX/macros/xypic-3.5/xyrecat.tex)
(/local/TeX/macros/xypic-3.5/xyidioms.tex)

 Xy-pic version 3.5 <1997/05/28>
 Copyright (c) 1991-1997 by Kristoffer H. Rose <krisrose@brics.dk>
 Xy-pic is free software: see the User's Guide for details.

Loading kernel: messages; fonts; allocations: state,
\X@c=\dimen103
\Y@c=\dimen104
\U@c=\dimen105
\D@c=\dimen106
\L@c=\dimen107
\R@c=\dimen108
\Edge@c=\toks15
\X@p=\dimen109
\Y@p=\dimen110
\U@p=\dimen111
\D@p=\dimen112
\L@p=\dimen113
\R@p=\dimen114
\Edge@p=\toks16
\X@origin=\dimen115
\Y@origin=\dimen116
\X@xbase=\dimen117
\Y@xbase=\dimen118
\X@ybase=\dimen119
\Y@ybase=\dimen120
\X@min=\dimen121
\Y@min=\dimen122
\X@max=\dimen123
\Y@max=\dimen124
\lastobjectbox@=\box25
\zerodotbox@=\box26
\almostz@=\dimen125
 direction,
\d@X=\dimen126
\d@Y=\dimen127
\K@=\count90
\KK@=\count91
\Direction=\count92
\K@dXdY=\dimen128
\K@dYdX=\dimen129
\xyread@=\read1
\xywrite@=\write4
\csp@=\count93
\quotPTK@=\dimen130

utility macros; pictures: \xy, positions,
\swaptoks@@=\toks17
\connectobjectbox@@=\box27
 objects,
\styletoks@=\toks18
 decorations;
kernel objects: directionals, circles, text; options; algorithms: directions,
edges, connections;  Xy-pic loaded)
Package: xy 1997/05/28 Xy-pic version 3.5
 (/local/TeX/macros/xypic-3.5/xyall.tex
 Xy-pic option: All features v.3.3 (/local/TeX/macros/xypic-3.5/xycurve.tex
 Xy-pic option: Curve and Spline extension v.3.4 curve,
\crv@cnt@=\count94
\crvpts@=\toks19
\splinebox@=\box28
\splineval@=\dimen131
\splinedepth@=\dimen132
\splinetol@=\dimen133
\splinelength@=\dimen134
 circles,
\L@=\dimen135
 loaded)
(/local/TeX/macros/xypic-3.5/xyframe.tex
 Xy-pic option: Frame and Bracket extension v.3.4 loaded)
(/local/TeX/macros/xypic-3.5/xycmtip.tex
 Xy-pic option: Computer Modern tip extension v.3.3
(/local/TeX/macros/xypic-3.5/xytips.tex
 Xy-pic option: More Tips extension v.3.3 loaded) loaded)
(/local/TeX/macros/xypic-3.5/xyline.tex
 Xy-pic option: Line styles extension v.3.3
\xylinethick@=\dimen136
 loaded)
(/local/TeX/macros/xypic-3.5/xyrotate.tex
 Xy-pic option: Rotate and Scale extension v.3.3 loaded)
(/local/TeX/macros/xypic-3.5/xycolor.tex
 Xy-pic option: Colour extension v.3.3 loaded)
(/local/TeX/macros/xypic-3.5/xymatrix.tex  Xy-pic option: Matrix feature v.3.4
\Row=\count95
\Col=\count96
\queue@=\toks20
\queue@@=\toks21
\qcount@=\count97
\qcount@@=\count98
\matrixsize@=\count99

loaded) (/local/TeX/macros/xypic-3.5/xyarrow.tex
 Xy-pic option: Arrow and Path feature v.3.5 path, \ar, loaded)
(/local/TeX/macros/xypic-3.5/xygraph.tex  Xy-pic option: Graph feature v.3.4
loaded) loaded)) (/local/TeX/macros/LaTeX/latexsym.sty
Package: latexsym 1994/05/27 v2.1e Standard LaTeX package (lasy symbols)
\symlasy=\mathgroup4
LaTeX Font Info:    Overwriting symbol font `lasy' in version `bold'
(Font)                  U/lasy/m/n --> U/lasy/b/n on input line 47.
) (a4wide.tex) (defs.tex
\c@example=\count100
\listskip=\skip43
\eqpskip=\skip44
) (par.aux)
LaTeX Font Info:    Checking defaults for T1/cmr/m/n on input line 11.
LaTeX Font Info:    ... okay on input line 11.
LaTeX Font Info:    Checking defaults for OT1/cmr/m/n on input line 11.
LaTeX Font Info:    ... okay on input line 11.
LaTeX Font Info:    Checking defaults for OML/cmm/m/it on input line 11.
LaTeX Font Info:    ... okay on input line 11.
LaTeX Font Info:    Checking defaults for OMS/cmsy/m/n on input line 11.
LaTeX Font Info:    ... okay on input line 11.
LaTeX Font Info:    Checking defaults for OMX/cmex/m/n on input line 11.
LaTeX Font Info:    ... okay on input line 11.
LaTeX Font Info:    Checking defaults for U/cmr/m/n on input line 11.
LaTeX Font Info:    ... okay on input line 11.
LaTeX Font Info:    External font `cmex10' loaded for size
(Font)              <12> on input line 17.
LaTeX Font Info:    External font `cmex10' loaded for size
(Font)              <8> on input line 17.
LaTeX Font Info:    External font `cmex10' loaded for size
(Font)              <6> on input line 17.
LaTeX Font Info:    Try loading font information for U+lasy on input line 17.
 (/local/TeX/macros/LaTeX/Ulasy.fd
File: Ulasy.fd 1994/05/27 v2.1eLaTeX symbol font definitions
)
LaTeX Font Info:    External font `cmex10' loaded for size
(Font)              <9> on input line 17.
LaTeX Font Info:    External font `cmex10' loaded for size
(Font)              <5> on input line 17.
 [1

] [2] [3] [4] [5] [6] [7]
[8] [9]
LaTeX Font Info:    External font `cmex10' loaded for size
(Font)              <14.4> on input line 824.
LaTeX Font Info:    External font `cmex10' loaded for size
(Font)              <7> on input line 824.
 [10] [11] [12]
Overfull \hbox (8.76581pt too wide) in paragraph at lines 1113--1119
[]\OT1/cmr/m/n/9 The last re-main-ing ques-tion con-cerns now the ac-tual value
 to be re-turned by $\OML/cmm/m/it/9 push\OT1/cmr/m/n/9 (\OML/cmm/m/it/9 errNat
; s\OT1/cmr/m/n/9 )$.
 []

[13] [14]
Overfull \hbox (3.23918pt too wide) in paragraph at lines 1239--1248
\OT1/cmr/m/n/9 In some cases, im-me-di-ate er-ror re-cov-ery can be spec-i-fied
 (as was the case with $\OML/cmm/m/it/9 pop\OT1/cmr/m/n/9 (\OML/cmm/m/it/9 empt
y\OT1/cmr/m/n/9 )$,
 []

<xymatrix 4x2 157> [15] <xymatrix 2x2 182> <xymatrix 2x2 182> [16] [17]
[18] [19] [20] <xymatrix 3x2 227> [21] [22] [23] [24] [25]
Overfull \hbox (8.87247pt too wide) in paragraph at lines 2161--2168
[]\OT1/cmr/m/n/9 If, in-stead of ax-iom 2., one writes the ax-ioms $\OML/cmm/m/
it/9 succ\OT1/cmr/m/n/9 (\OML/cmm/m/it/9 pred\OT1/cmr/m/n/9 (\OML/cmm/m/it/9 x\
OT1/cmr/m/n/9 )) [] \OML/cmm/m/it/9 x$\OT1/cmr/m/n/9 , re-spec-tively $\OML/cmm
/m/it/9 succ\OT1/cmr/m/n/9 (\OML/cmm/m/it/9 pred\OT1/cmr/m/n/9 (\OML/cmm/m/it/9
 x\OT1/cmr/m/n/9 )) []
 []

[26]
Overfull \hbox (24.05093pt too wide) in paragraph at lines 2294--2296
\OT1/cmr/m/n/9 This is well de-fined par-tial al-ge-bra by lemma 7.7[]. For a h
o-mo-mor-phism: $\OML/cmm/m/it/9 h \OMS/cmsy/m/n/9 2 [][]\OT1/cmr/m/n/9 (\OT1/c
mss/m/n/9 ^^I\OT1/cmr/m/n/9 (^^F\OML/cmm/m/it/9 ; \OT1/cmr/m/n/9 ^^@))$,
 []

[27] [28] <xymatrix 2x2 182>
Overfull \hbox (7.84387pt too wide) detected at line 2584
[]
 []

[29] [30]
Overfull \hbox (36.47336pt too wide) in paragraph at lines 2693--2697
[][]\OT1/cmr/m/it/9 The func-tor $\OML/cmm/m/it/9 ^^L[]$ \OT1/cmr/m/it/9 is an 
equiv-a-lence (in fact, an iso-mor-phism) of cat-e-gories $[][]\OT1/cmr/m/n/9 (
\OT1/cmss/m/n/9 ^^H\OT1/cmr/m/n/9 (^^F\OML/cmm/m/it/9 ; \OT1/cmr/m/n/9 ^^@))$
 []


Overfull \hbox (22.38332pt too wide) in paragraph at lines 2720--2722
[][]\OT1/cmr/m/it/9 If an $[]$ spec-i-fi-ca-tion $\OML/cmm/m/it/9 SP$ \OT1/cmr/
m/it/9 is of the mem-ber-ship form, i.e., $\OML/cmm/m/it/9 SP \OT1/cmr/m/n/9 = 
\OT1/cmss/m/n/9 ^^H\OT1/cmr/m/n/9 (\OML/cmm/m/it/9 SP[]\OT1/cmr/m/n/9 )$\OT1/cm
r/m/it/9 ,
 []


Overfull \hbox (8.37811pt too wide) in paragraph at lines 2736--2738
[][]\OT1/cmr/m/n/9 for $\OML/cmm/m/it/9 p \OMS/cmsy/m/n/9 2 \OT1/cmr/m/n/9 ^^E$
, $\OML/cmm/m/it/9 f \OMS/cmsy/m/n/9 2 \OT1/cmr/m/n/9 
$, $\OML/cmm/m/it/9 f\OT1/cmr/m/n/9 (\OML/cmm/m/it/9 p\OT1/cmr/m/n/9 )$ is de-f
ined by point-wise ex-ten-sion: $\OML/cmm/m/it/9 f\OT1/cmr/m/n/9 (\OML/cmm/m/it
/9 p\OT1/cmr/m/n/9 )[] = [][] \OML/cmm/m/it/9 f\OT1/cmr/m/n/9 (\OML/cmm/m/it/9 
t\OT1/cmr/m/n/9 )[]$. 
 []

[31]
Overfull \hbox (5.56738pt too wide) in paragraph at lines 2810--2816
[][]\OT1/cmr/m/it/9 The in-sti-tu-tion $[]$ is as $[]$ ex-cept that the equal-i
-ties are changed
 []

<xymatrix 4x3 140> [32]
Overfull \hbox (7.85065pt too wide) in paragraph at lines 2871--2875
[][]$\OML/cmm/m/it/9 f\OT1/cmr/m/n/9 (\OML/cmm/m/it/9 x[]; [] ; x[]\OT1/cmr/m/n
/9 )[] = []$ 
 []

[33] (par.bbl [34]
Underfull \hbox (badness 1688) in paragraph at lines 134--139
[][]\OT1/cmr/m/n/9 Micha l Wal-icki and Marcin Bia lasik.  Cat-e-gories of re-l
a-tional struc-tures.  In
 []

) [35] (par.aux) ) 
Here is how much of TeX's memory you used:
 2757 strings out of 11024
 30362 string characters out of 74866
 121635 words of memory out of 262141
 5515 multiletter control sequences out of 9500
 18170 words of font info for 69 fonts, out of 100000 for 255
 14 hyphenation exceptions out of 607
 25i,20n,24p,307b,456s stack positions out of 300i,40n,60p,3000b,4000s

Output written on par.dvi (35 pages, 190456 bytes).
