This is TeX, Version 3.14159 (Web2C 7.3.1) (format=latex 2000.2.2)  27 DEC 2000 13:38
**TRparam
(TRparam.tex
LaTeX2e <1999/12/01> patch level 1
Babel <v3.6Z> and hyphenation patterns for american, french, german, ngerman, d
anish, norsk, swedish, nohyphenation, loaded.
(IIreport.cls
Document Class: IIreport 2000/02/10 Reports in Informatics, UiB. Ver. 1.0
(/local/teTeX/share/texmf/tex/latex/base/article.cls
Document Class: article 1999/09/10 v1.4a Standard LaTeX document class
(/local/teTeX/share/texmf/tex/latex/base/size10.clo
File: size10.clo 1999/09/10 v1.4a Standard LaTeX file (size option)
)
\c@part=\count79
\c@section=\count80
\c@subsection=\count81
\c@subsubsection=\count82
\c@paragraph=\count83
\c@subparagraph=\count84
\c@figure=\count85
\c@table=\count86
\abovecaptionskip=\skip41
\belowcaptionskip=\skip42
\bibindent=\dimen102
)
(/local/teTeX/share/texmf/tex/latex/ntgclass/a4.sty
Package: a4 1999/03/03 v1.2f A4 based page layout
)
(/local/teTeX/share/texmf/tex/generic/babel/babel.sty
Package: babel 1999/09/09 v3.6Z The Babel package

(/local/teTeX/share/texmf/tex/generic/babel/english.ldf
Language: english 1999/04/11 v3.3i English support from the babel system

(/local/teTeX/share/texmf/tex/generic/babel/babel.def
File: babel.def 1999/09/09 v3.6Z Babel common definitions
\babel@savecnt=\count87
\U@D=\dimen103
)))
(/local/teTeX/share/texmf/tex/latex/graphics/graphicx.sty
Package: graphicx 1999/02/16 v1.0f Enhanced LaTeX Graphics (DPC,SPQR)

(/local/teTeX/share/texmf/tex/latex/graphics/keyval.sty
Package: keyval 1999/03/16 v1.13 key=value parser (DPC)
\KV@toks@=\toks14
)
(/local/teTeX/share/texmf/tex/latex/graphics/graphics.sty
Package: graphics 1999/02/16 v1.0l Standard LaTeX Graphics (DPC,SPQR)

(/local/teTeX/share/texmf/tex/latex/graphics/trig.sty
Package: trig 1999/03/16 v1.09 sin cos tan (DPC)
)
(/local/teTeX/share/texmf/tex/latex/config/graphics.cfg)
Package graphics Info: Driver file: dvips.def on input line 80.

(/local/teTeX/share/texmf/tex/latex/graphics/dvips.def
File: dvips.def 1999/02/16 v3.0i Driver-dependant file (DPC,SPQR)
))
\Gin@req@height=\dimen104
\Gin@req@width=\dimen105
)
(/local/teTeX/share/texmf/tex/latex/misc/url.sty
Package: url 1999/03/02  ver 1.4  Verb mode for urls, email addresses, and file
 names
)) (block.sty)
(/local/teTeX/share/texmf/tex/generic/xypic/xy.sty
(/local/teTeX/share/texmf/tex/generic/xypic/xy.tex Bootstrap'ing: catcodes,
docmode, (/local/teTeX/share/texmf/tex/generic/xypic/xyrecat.tex)
(/local/teTeX/share/texmf/tex/generic/xypic/xyidioms.tex)

 Xy-pic version 3.7 <1999/02/16>
 Copyright (c) 1991-1998 by Kristoffer H. Rose <krisrose@ens-lyon.fr>
 Xy-pic is free software: see the User's Guide for details.

Loading kernel: messages; fonts; allocations: state,
\X@c=\dimen106
\Y@c=\dimen107
\U@c=\dimen108
\D@c=\dimen109
\L@c=\dimen110
\R@c=\dimen111
\Edge@c=\toks15
\X@p=\dimen112
\Y@p=\dimen113
\U@p=\dimen114
\D@p=\dimen115
\L@p=\dimen116
\R@p=\dimen117
\Edge@p=\toks16
\X@origin=\dimen118
\Y@origin=\dimen119
\X@xbase=\dimen120
\Y@xbase=\dimen121
\X@ybase=\dimen122
\Y@ybase=\dimen123
\X@min=\dimen124
\Y@min=\dimen125
\X@max=\dimen126
\Y@max=\dimen127
\lastobjectbox@=\box26
\zerodotbox@=\box27
\almostz@=\dimen128
 direction,
\d@X=\dimen129
\d@Y=\dimen130
\K@=\count88
\KK@=\count89
\Direction=\count90
\K@dXdY=\dimen131
\K@dYdX=\dimen132
\xyread@=\read1
\xywrite@=\write3
\csp@=\count91
\quotPTK@=\dimen133

utility macros; pictures: \xy, positions,
\swaptoks@@=\toks17
\connectobjectbox@@=\box28
 objects,
\styletoks@=\toks18
 decorations;
kernel objects: directionals, circles, text; options; algorithms: directions,
edges, connections;  Xy-pic loaded)
Package: xy 1999/02/16 Xy-pic version 3.7

(/local/teTeX/share/texmf/tex/generic/xypic/xyall.tex
 Xy-pic option: All features v.3.3
(/local/teTeX/share/texmf/tex/generic/xypic/xycurve.tex
 Xy-pic option: Curve and Spline extension v.3.7 curve,
\crv@cnt@=\count92
\crvpts@=\toks19
\splinebox@=\box29
\splineval@=\dimen134
\splinedepth@=\dimen135
\splinetol@=\dimen136
\splinelength@=\dimen137
 circles,
\L@=\dimen138
 loaded)
(/local/teTeX/share/texmf/tex/generic/xypic/xyframe.tex
 Xy-pic option: Frame and Bracket extension v.3.7 loaded)
(/local/teTeX/share/texmf/tex/generic/xypic/xycmtip.tex
 Xy-pic option: Computer Modern tip extension v.3.3
(/local/teTeX/share/texmf/tex/generic/xypic/xytips.tex
 Xy-pic option: More Tips extension v.3.3 loaded) loaded)
(/local/teTeX/share/texmf/tex/generic/xypic/xyline.tex
 Xy-pic option: Line styles extension v.3.6
\xylinethick@=\dimen139
 loaded)
(/local/teTeX/share/texmf/tex/generic/xypic/xyrotate.tex
 Xy-pic option: Rotate and Scale extension v.3.3 loaded)
(/local/teTeX/share/texmf/tex/generic/xypic/xycolor.tex
 Xy-pic option: Colour extension v.3.3 loaded)
(/local/teTeX/share/texmf/tex/generic/xypic/xymatrix.tex
 Xy-pic option: Matrix feature v.3.4
\Row=\count93
\Col=\count94
\queue@=\toks20
\queue@@=\toks21
\qcount@=\count95
\qcount@@=\count96
\matrixsize@=\count97
 loaded)
(/local/teTeX/share/texmf/tex/generic/xypic/xyarrow.tex
 Xy-pic option: Arrow and Path feature v.3.5 path, \ar, loaded)
(/local/teTeX/share/texmf/tex/generic/xypic/xygraph.tex
 Xy-pic option: Graph feature v.3.7 loaded) loaded))
(/local/teTeX/share/texmf/tex/latex/base/latexsym.sty
Package: latexsym 1998/08/17 v2.2e Standard LaTeX package (lasy symbols)
\symlasy=\mathgroup4
LaTeX Font Info:    Overwriting symbol font `lasy' in version `bold'
(Font)                  U/lasy/m/n --> U/lasy/b/n on input line 42.
)
(/local/teTeX/share/texmf/tex/latex/amsfonts/amssymb.sty
Package: amssymb 1996/11/03 v2.2b

(/local/teTeX/share/texmf/tex/latex/amsfonts/amsfonts.sty
Package: amsfonts 1997/09/17 v2.2e
\@emptytoks=\toks22
\symAMSa=\mathgroup5
\symAMSb=\mathgroup6
LaTeX Font Info:    Overwriting math alphabet `\mathfrak' in version `bold'
(Font)                  U/euf/m/n --> U/euf/b/n on input line 133.
)) (defs.tex
\c@example=\count98
\listskip=\skip43
\eqpskip=\skip44
)
(a4wide.tex) (TRparam.aux)
\openout1 = `TRparam.aux'.

LaTeX Font Info:    Checking defaults for OML/cmm/m/it on input line 14.
LaTeX Font Info:    ... okay on input line 14.
LaTeX Font Info:    Checking defaults for T1/cmr/m/n on input line 14.
LaTeX Font Info:    ... okay on input line 14.
LaTeX Font Info:    Checking defaults for OT1/cmr/m/n on input line 14.
LaTeX Font Info:    ... okay on input line 14.
LaTeX Font Info:    Checking defaults for OMS/cmsy/m/n on input line 14.
LaTeX Font Info:    ... okay on input line 14.
LaTeX Font Info:    Checking defaults for OMX/cmex/m/n on input line 14.
LaTeX Font Info:    ... okay on input line 14.
LaTeX Font Info:    Checking defaults for U/cmr/m/n on input line 14.
LaTeX Font Info:    ... okay on input line 14.
File: UIBlogo.ps Graphic file (type eps)
 <UIBlogo.ps> [-1

]
LaTeX Font Info:    Try loading font information for U+lasy on input line 15.

(/local/teTeX/share/texmf/tex/latex/base/ulasy.fd
File: ulasy.fd 1998/08/17 v2.2eLaTeX symbol font definitions
)
LaTeX Font Info:    Try loading font information for U+msa on input line 15.

(/local/teTeX/share/texmf/tex/latex/amsfonts/umsa.fd
File: umsa.fd 1995/01/05 v2.2e AMS font definitions
)
LaTeX Font Info:    Try loading font information for U+msb on input line 15.

(/local/teTeX/share/texmf/tex/latex/amsfonts/umsb.fd
File: umsb.fd 1995/01/05 v2.2e AMS font definitions
) [0] (pdtB.tex [1]
[2]
LaTeX Font Info:    Try loading font information for OMS+cmr on input line 132.

 (/local/teTeX/share/texmf/tex/latex/base/omscmr.fd
File: omscmr.fd 1999/05/25 v2.5h Standard LaTeX font definitions
)
LaTeX Font Info:    Font shape `OMS/cmr/m/it' in size <10> not available
(Font)              Font shape `OMS/cmsy/m/n' tried instead on input line 132.
 <xymatrix 9x3 471>
[3] [4] [5] <xymatrix 8x2 226> [6] <xymatrix 8x3 596> <xymatrix 8x1 284>
[7] <xymatrix 8x2 480> [8] [9] [10] <xymatrix 4x1

LaTeX Font Warning: Command \large invalid in math mode on input line 1019.


LaTeX Font Warning: Command \large invalid in math mode on input line 1019.

66> [11] <xymatrix 5x1

LaTeX Font Warning: Command \large invalid in math mode on input line 1084.


LaTeX Font Warning: Command \large invalid in math mode on input line 1084.

70> [12]
Overfull \hbox (2.30287pt too wide) in paragraph at lines 1159--1162
\OT1/cmr/m/it/10 term, and $\OML/cmm/m/it/10 ^^K \OT1/cmr/m/n/10 : \OMS/cmsy/m/
n/10 f\OML/cmm/m/it/10 x[]:::x[]\OMS/cmsy/m/n/10 g ! j\OML/cmm/m/it/10 A\OMS/cm
sy/m/n/10 j$ \OT1/cmr/m/it/10 an as-sign-ment. Then $\OML/cmm/m/it/10 ^^S\OT1/c
mr/m/n/10 (\OML/cmm/m/it/10 t[]\OT1/cmr/m/n/10 (\OML/cmm/m/it/10 ^^K\OT1/cmr/m/
n/10 (\OML/cmm/m/it/10 x[]\OT1/cmr/m/n/10 )\OML/cmm/m/it/10 :::^^K\OT1/cmr/m/n/
10 (\OML/cmm/m/it/10 x[]\OT1/cmr/m/n/10 ))) = \OML/cmm/m/it/10 t[]\OT1/cmr/m/n/
10 (\OML/cmm/m/it/10 ^^S\OT1/cmr/m/n/10 (\OML/cmm/m/it/10 ^^K\OT1/cmr/m/n/10 (\
OML/cmm/m/it/10 x[]\OT1/cmr/m/n/10 ))\OML/cmm/m/it/10 :::^^S\OT1/cmr/m/n/10 (\O
ML/cmm/m/it/10 ^^K\OT1/cmr/m/n/10 (\OML/cmm/m/it/10 x[]\OT1/cmr/m/n/10 )))$\OT1
/cmr/m/it/10 . 
 []

[13]
LaTeX Font Info:    Font shape `OMS/cmr/m/n' in size <10> not available
(Font)              Font shape `OMS/cmsy/m/n' tried instead on input line 1233.

 [14] <xymatrix 4x1 59> <xymatrix 3x2 145> [15] [16] <xymatrix 3x3 194>
[17] <xymatrix 5x3 224> [18] <xymatrix 11x4 683> <xymatrix 10x4 637> [19]
[20] <xymatrix 6x3 233> <xymatrix 6x3 236> [21] <xymatrix 5x5 582> [22]
[23] <xymatrix 4x1 92> [24] <xymatrix 2x7 631> [25] <xymatrix 10x9 1181>
<xymatrix 9x4 486> [26] [27] <xymatrix 6x6 1317>
Overfull \hbox (25.00844pt too wide) detected at line 2515
| []
 []

[28]
Overfull \hbox (5.25638pt too wide) detected at line 2633
[]
 []

[29] [30] <xymatrix 7x6 597>
Overfull \hbox (6.37532pt too wide) in paragraph at lines 2795--2799
[]\OT1/cmr/m/n/10 The func-tor $\OML/cmm/m/it/10 ^^S[] \OT1/cmr/m/n/10 : []([])
 \OMS/cmsy/m/n/10 ! []\OT1/cmr/m/n/10 ([])$ cor-re-spond-ing to $[]; []$ is de-
fined by $\OML/cmm/m/it/10 ^^S[] \OT1/cmr/m/n/10 = \OML/cmm/m/it/10 ^^S[]\OT1/c
mr/m/n/10 ; (\OML/cmm/m/it/10 ^^S[]\OMS/cmsy/m/n/10 j[]\OT1/cmr/m/n/10 )$,
 []

[31] <xymatrix 4x1

LaTeX Font Warning: Command \large invalid in math mode on input line 2897.


LaTeX Font Warning: Command \large invalid in math mode on input line 2897.

90> <xymatrix 5x1

LaTeX Font Warning: Command \large invalid in math mode on input line 2926.


LaTeX Font Warning: Command \large invalid in math mode on input line 2926.


LaTeX Font Warning: Command \large invalid in math mode on input line 2926.


LaTeX Font Warning: Command \large invalid in math mode on input line 2926.

158> [32] <xymatrix 4x1

LaTeX Font Warning: Command \large invalid in math mode on input line 2988.


LaTeX Font Warning: Command \large invalid in math mode on input line 2988.

90>
Overfull \hbox (27.27203pt too wide) detected at line 2989
[]
 []


Overfull \hbox (0.38737pt too wide) in paragraph at lines 2989--2992
\OT1/cmr/m/it/10 The in-ter-me-di-ary pa-ram-e-ter $[]$ con-tains only the in-t
ended con-struc-tors for stacks:: 
 []

<xymatrix 7x1

LaTeX Font Warning: Command \large invalid in math mode on input line 3009.


LaTeX Font Warning: Command \large invalid in math mode on input line 3009.

176>
Overfull \hbox (8.96242pt too wide) detected at line 3010
[]
 []


Overfull \hbox (15.94992pt too wide) in paragraph at lines 3010--3017
\OT1/cmr/m/it/10 Let $\OT1/cmss/m/n/10 F[] \OT1/cmr/m/n/10 : []([]) \OMS/cmsy/m
/n/10 ! []\OT1/cmr/m/n/10 ([])$ \OT1/cmr/m/it/10 and $\OT1/cmss/m/n/10 F[] \OT1
/cmr/m/n/10 : []([]) \OMS/cmsy/m/n/10 ! []\OT1/cmr/m/n/10 ([])$
 []

[33] <xymatrix 5x5 500> <xymatrix

LaTeX Font Warning: Command \small invalid in math mode on input line 3125.


LaTeX Font Warning: Command \small invalid in math mode on input line 3125.


LaTeX Font Warning: Command \small invalid in math mode on input line 3125.


LaTeX Font Warning: Command \small invalid in math mode on input line 3125.


LaTeX Font Warning: Command \small invalid in math mode on input line 3125.


LaTeX Font Warning: Command \small invalid in math mode on input line 3125.


LaTeX Font Warning: Command \small invalid in math mode on input line 3125.


LaTeX Font Warning: Command \small invalid in math mode on input line 3125.


LaTeX Font Warning: Command \small invalid in math mode on input line 3125.


LaTeX Font Warning: Command \small invalid in math mode on input line 3125.


LaTeX Font Warning: Command \small invalid in math mode on input line 3125.


LaTeX Font Warning: Command \small invalid in math mode on input line 3125.


LaTeX Font Warning: Command \small invalid in math mode on input line 3125.


LaTeX Font Warning: Command \small invalid in math mode on input line 3125.


LaTeX Font Warning: Command \small invalid in math mode on input line 3125.


LaTeX Font Warning: Command \small invalid in math mode on input line 3125.


LaTeX Font Warning: Command \small invalid in math mode on input line 3125.


LaTeX Font Warning: Command \small invalid in math mode on input line 3125.

2x2

LaTeX Font Warning: Command \small invalid in math mode on input line 3125.


LaTeX Font Warning: Command \small invalid in math mode on input line 3125.


LaTeX Font Warning: Command \small invalid in math mode on input line 3125.


LaTeX Font Warning: Command \small invalid in math mode on input line 3125.


LaTeX Font Warning: Command \small invalid in math mode on input line 3125.


LaTeX Font Warning: Command \small invalid in math mode on input line 3125.


LaTeX Font Warning: Command \small invalid in math mode on input line 3125.


LaTeX Font Warning: Command \small invalid in math mode on input line 3125.


LaTeX Font Warning: Command \small invalid in math mode on input line 3125.


LaTeX Font Warning: Command \small invalid in math mode on input line 3125.


LaTeX Font Warning: Command \small invalid in math mode on input line 3125.


LaTeX Font Warning: Command \small invalid in math mode on input line 3125.


LaTeX Font Warning: Command \small invalid in math mode on input line 3125.


LaTeX Font Warning: Command \small invalid in math mode on input line 3125.


LaTeX Font Warning: Command \small invalid in math mode on input line 3125.


LaTeX Font Warning: Command \small invalid in math mode on input line 3125.


LaTeX Font Warning: Command \small invalid in math mode on input line 3125.


LaTeX Font Warning: Command \small invalid in math mode on input line 3125.


LaTeX Font Warning: Command \small invalid in math mode on input line 3125.


LaTeX Font Warning: Command \small invalid in math mode on input line 3125.


LaTeX Font Warning: Command \small invalid in math mode on input line 3125.


LaTeX Font Warning: Command \small invalid in math mode on input line 3125.


LaTeX Font Warning: Command \small invalid in math mode on input line 3125.


LaTeX Font Warning: Command \small invalid in math mode on input line 3125.


LaTeX Font Warning: Command \small invalid in math mode on input line 3125.


LaTeX Font Warning: Command \small invalid in math mode on input line 3125.


LaTeX Font Warning: Command \large invalid in math mode on input line 3125.


LaTeX Font Warning: Command \large invalid in math mode on input line 3125.


LaTeX Font Warning: Command \small invalid in math mode on input line 3125.


LaTeX Font Warning: Command \small invalid in math mode on input line 3125.


LaTeX Font Warning: Command \small invalid in math mode on input line 3125.


LaTeX Font Warning: Command \small invalid in math mode on input line 3125.


LaTeX Font Warning: Command \small invalid in math mode on input line 3125.


LaTeX Font Warning: Command \small invalid in math mode on input line 3125.


LaTeX Font Warning: Command \small invalid in math mode on input line 3125.


LaTeX Font Warning: Command \small invalid in math mode on input line 3125.


LaTeX Font Warning: Command \small invalid in math mode on input line 3125.


LaTeX Font Warning: Command \small invalid in math mode on input line 3125.

86>
Overfull \hbox (6.70427pt too wide) detected at line 3126
[]
 []

[34]

LaTeX Font Warning: Command \small invalid in math mode on input line 3135.

<xymatrix 7x3 541> [35] [36] (TRparam.bbl [37]) [38] (TRparam.aux) ) ) 
Here is how much of TeX's memory you used:
 3815 strings out of 10888
 42143 string characters out of 71831
 253346 words of memory out of 263001
 6682 multiletter control sequences out of 10000+0
 20509 words of font info for 85 fonts, out of 400000 for 1000
 14 hyphenation exceptions out of 1000
 35i,36n,33p,258b,1041s stack positions out of 300i,100n,500p,50000b,4000s

Output written on TRparam.dvi (40 pages, 444672 bytes).
