This is TeX, Version 3.1415 (C version 6.1) (format=latex 94.6.28)  26 AUG 1995 15:51
**&latex2e ref
(ref.tex
LaTeX2e <1994/06/01> patch level 2
Hyphenation patterns for english, norsk, swedish, danish,
german & francais loaded.
(/local/TeX/macros/LaTeX/latex209.def
File: latex209.def 1994/06/01 Standard LaTeX file

Entering LaTeX 2.09 compatibility mode.
\footheight=\dimen102
\@maxsep=\dimen103
\@dblmaxsep=\dimen104
(/local/TeX/macros/LaTeX/tracefnt.sty
Package: tracefnt 1994/05/29 v2.3k Standard LaTeX package (font tracing)
\tracingfonts=\count82
LaTeX Info: Redefining \selectfont on input line 113.
)
\symbold=\mathgroup4
\symsans=\mathgroup5
\symtypewriter=\mathgroup6
\symitalic=\mathgroup7
\symsmallcaps=\mathgroup8
\symslanted=\mathgroup9
LaTeX Font Info:    Redeclaring math alphabet \mathbf on input line 179.
LaTeX Font Info:    Redeclaring math alphabet \mathsf on input line 180.
LaTeX Font Info:    Redeclaring math alphabet \mathtt on input line 181.
LaTeX Font Info:    Redeclaring math alphabet \mathit on input line 187.
LaTeX Info: Redefining \em on input line 197.
 (/local/TeX/macros/LaTeX/latexsym.sty
Package: latexsym 1994/05/27 v2.1e Standard LaTeX package (lasy symbols)
\symlasy=\mathgroup10
LaTeX Font Info:    Overwriting symbol font `lasy' in version `bold'
(Font)                  U/lasy/m/n --> U/lasy/b/n on input line 47.
)
LaTeX Font Info:    Redeclaring math delimiter \lgroup on input line 262.
LaTeX Font Info:    Redeclaring math delimiter \rgroup on input line 264.
LaTeX Font Info:    Redeclaring math delimiter \bracevert on input line 266.
)
(/local/TeX/macros/LaTeX/article.cls
Document Class: article 1994/06/02 v1.2s Standard LaTeX document class
(/local/TeX/macros/LaTeX/size10.clo
File: size10.clo 1994/06/02 v1.2s Standard LaTeX file (size option)
)
\c@part=\count83
\c@section=\count84
\c@subsection=\count85
\c@subsubsection=\count86
\c@paragraph=\count87
\c@subparagraph=\count88
\c@figure=\count89
\c@table=\count90
\abovecaptionskip=\skip41
\belowcaptionskip=\skip42
Compatibility mode: definition of \rm ignored.
Compatibility mode: definition of \sf ignored.
Compatibility mode: definition of \tt ignored.
Compatibility mode: definition of \bf ignored.
Compatibility mode: definition of \it ignored.
Compatibility mode: definition of \sl ignored.
Compatibility mode: definition of \sc ignored.
\bibindent=\dimen105
) (/local/TeX/macros/AMS-LaTeX/amssymb.sty
Package: amssymb 1994/10/27 v1.2beta

(/local/TeX/macros/AMS-LaTeX/amsfonts.sty
Package: amsfonts 1994/10/25 v1.2beta

(/local/TeX/macros/AMS-LaTeX/amsgen.sty
File: amsgen.sty 1994/10/26 v1.2beta
\@emptytoks=\toks15
\ex@=\dimen106
)
\Mathstrutbox@=\box25
\strutbox@=\box26
\big@size=\dimen107
\symAMSa=\mathgroup11
\symAMSb=\mathgroup12
LaTeX Font Info:    Overwriting math alphabet `\mathfrak' in version `bold'
(Font)                  U/euf/m/n --> U/euf/b/n on input line 151.
)
LaTeX Font Info:    Redeclaring math symbol \square on input line 55.
LaTeX Font Info:    Redeclaring math symbol \lozenge on input line 58.
) (/local/TeX/macros/misc/a4wide.sty
(/local/TeX/macros/misc/a4.sty)) (defs.tex
\c@CLAIM=\count91
\c@AXIOM=\count92
\c@SP=\count93
\c@ITEM=\count94
\clauselabelwidth=\skip43
\c@POINTS=\count95
) (/local/TeX/macros/XY-pic/xypic.tex (/local/TeX/macros/XY-pic/xyv2.tex (/loca
l/TeX/macros/XY-pic/xy.tex
Bootstrap'ing: catcodes, docmode, (/local/TeX/macros/XY-pic/xyidioms.tex)

 XY-pic version 2.12 <1994/10/25>
 Copyright (c) 1991-1994 by Kristoffer H. Rose <kris@diku.dk>
 XY-pic is free software: see the User's Guide for details.

Loading kernel: messages; fonts; allocations: state,
\Xc=\dimen108
\Yc=\dimen109
\Uc=\dimen110
\Dc=\dimen111
\Lc=\dimen112
\Rc=\dimen113
\Edgec=\toks16
\Xp=\dimen114
\Yp=\dimen115
\Up=\dimen116
\Dp=\dimen117
\Lp=\dimen118
\Rp=\dimen119
\Edgep=\toks17
\Xorigin=\dimen120
\Yorigin=\dimen121
\Xxbase=\dimen122
\Yxbase=\dimen123
\Xybase=\dimen124
\Yybase=\dimen125
\Xmin=\dimen126
\Ymin=\dimen127
\Xmax=\dimen128
\Ymax=\dimen129
\lastobjectbox@=\box27
\zerodotbox@=\box28
 direction,
\dX=\dimen130
\dY=\dimen131
\K=\count96
\KK@=\count97
\Direction=\count98
\K@dXdY=\dimen132
\K@dYdX=\dimen133
\xyread@=\read1
\xywrite@=\write4
\csp@=\count99
\quotPTK@=\dimen134

utility macros; pictures: \xy, positions, objects, decorations;
kernel objects: directionals, circles, text; options; algorithms: directions,
edges, connections; XY-pic loaded)
XY-pic option: Version 2 Compatibility feature v.2.12

XY-pic Warning: `\stop' redefined.

(/local/TeX/macros/XY-pic/xyframe.tex
XY-pic option: Frame and Bracket extension v.2.12 loaded)
(/local/TeX/macros/XY-pic/xymatrix.tex XY-pic option: Matrix feature v.2.12
\row@=\count100
\col@=\count101
\queue@=\toks18
\queue@@=\toks19
\qcount@=\count102
\qcount@@=\count103
\matrixsize@=\count104

loaded) (/local/TeX/macros/XY-pic/xyarrow.tex
XY-pic option: Arrow and Path feature v.2.12 path, \ar, loaded)
\xydiagramno@=\count105
 loaded))
(ref.aux)
LaTeX Font Info:    Checking defaults for T1/cmr/m/n on input line 6.
LaTeX Font Info:    ... okay on input line 6.
LaTeX Font Info:    Checking defaults for OT1/cmr/m/n on input line 6.
LaTeX Font Info:    ... okay on input line 6.
LaTeX Font Info:    Checking defaults for OML/cmm/m/it on input line 6.
LaTeX Font Info:    ... okay on input line 6.
LaTeX Font Info:    Checking defaults for OMS/cmsy/m/n on input line 6.
LaTeX Font Info:    ... okay on input line 6.
LaTeX Font Info:    Checking defaults for OMX/cmex/m/n on input line 6.
LaTeX Font Info:    ... okay on input line 6.
LaTeX Font Info:    Checking defaults for U/cmr/m/n on input line 6.
LaTeX Font Info:    ... okay on input line 6.
LaTeX Font Info:    External font `cmex10' loaded for size
(Font)              <7> on input line 20.
LaTeX Font Info:    External font `cmex10' loaded for size
(Font)              <5> on input line 20.
LaTeX Font Info:    Try loading font information for U+lasy on input line 20.
 (/local/TeX/macros/LaTeX/Ulasy.fd
File: Ulasy.fd 1994/05/27 v2.1eLaTeX symbol font definitions
)
LaTeX Font Info:    Try loading font information for U+msa on input line 20.

(/local/TeX/macros/packages/mfnfss/Umsa.fd
File: Umsa.fd 1994/05/12 v2.2b Standard AMS font definitions
)
LaTeX Font Info:    Try loading font information for U+msb on input line 20.

(/local/TeX/macros/packages/mfnfss/Umsb.fd
File: Umsb.fd 1994/05/12 v2.2b Standard AMS font definitions
)
LaTeX Font Info:    External font `cmex10' loaded for size
(Font)              <8> on input line 24.
LaTeX Font Info:    External font `cmex10' loaded for size
(Font)              <6> on input line 24.
 [1

]
LaTeX Font Info:    External font `cmex10' loaded for size
(Font)              <9> on input line 119.
 (Lat.xyc
compiled 1995/8/9:1231 [ref:75] loaded) [2] [3] [4] (ref.aux) ) 
Here is how much of TeX's memory you used:
 2172 strings out of 11024
 19001 string characters out of 74866
 88261 words of memory out of 262141
 4903 multiletter control sequences out of 9500
 21658 words of font info for 84 fonts, out of 100000 for 255
 14 hyphenation exceptions out of 607
 30i,14n,24p,469b,463s stack positions out of 300i,40n,60p,3000b,4000s

Output written on ref.dvi (4 pages, 19060 bytes).
