This is TeX, Version 3.1415 (C version 6.1) (format=latex 94.6.28)  28 FEB 1997 21:00
**&latex2e fonts
(fonts.tex
LaTeX2e <1994/06/01> patch level 2
Hyphenation patterns for english, norsk, swedish, danish,
german & francais loaded.
(/local/TeX/macros/LaTeX/article.cls
Document Class: article 1994/06/02 v1.2s Standard LaTeX document class
(/local/TeX/macros/LaTeX/size12.clo
File: size12.clo 1994/06/02 v1.2s Standard LaTeX file (size option)
)
\c@part=\count82
\c@section=\count83
\c@subsection=\count84
\c@subsubsection=\count85
\c@paragraph=\count86
\c@subparagraph=\count87
\c@figure=\count88
\c@table=\count89
\abovecaptionskip=\skip41
\belowcaptionskip=\skip42
\bibindent=\dimen102
)
(/local/TeX/macros/packages/mfnfss/oldgerm.sty
Package: oldgerm 1994/05/27 v2.1e LaTeX2e package for Old German fonts
)
(/local/TeX/macros/packages/mfnfss/euscript.sty
Package: euscript 1994/05/08 v2.1c Standard LaTeX package (Euler Script)
LaTeX Font Info:    Overwriting math alphabet `\EuScript' in version `bold'
(Font)                  U/eus/m/n --> U/eus/b/n on input line 46.
)
(/local/TeX/macros/packages/mfnfss/eufrak.sty
Package: eufrak 1994/05/08 v2.1c Standard LaTeX package (Euler Fraktur)
LaTeX Font Info:    Overwriting math alphabet `\EuFrak' in version `bold'
(Font)                  U/euf/m/n --> U/euf/b/n on input line 46.
) (fonts.aux)
LaTeX Font Info:    Checking defaults for T1/cmr/m/n on input line 15.
LaTeX Font Info:    ... okay on input line 15.
LaTeX Font Info:    Checking defaults for OT1/cmr/m/n on input line 15.
LaTeX Font Info:    ... okay on input line 15.
LaTeX Font Info:    Checking defaults for OML/cmm/m/it on input line 15.
LaTeX Font Info:    ... okay on input line 15.
LaTeX Font Info:    Checking defaults for OMS/cmsy/m/n on input line 15.
LaTeX Font Info:    ... okay on input line 15.
LaTeX Font Info:    Checking defaults for OMX/cmex/m/n on input line 15.
LaTeX Font Info:    ... okay on input line 15.
LaTeX Font Info:    Checking defaults for U/cmr/m/n on input line 15.
LaTeX Font Info:    ... okay on input line 15.
LaTeX Font Info:    External font `cmex10' loaded for size
(Font)              <12> on input line 17.
LaTeX Font Info:    External font `cmex10' loaded for size
(Font)              <8> on input line 17.
LaTeX Font Info:    External font `cmex10' loaded for size
(Font)              <6> on input line 17.
LaTeX Font Info:    Try loading font information for U+yfrak on input line 19.

(/local/TeX/macros/packages/mfnfss/Uyfrak.fd
File: Uyfrak.fd 1994/05/27 v2.1eYH Fraktur definitions
)

LaTeX Font Warning: Font shape `U/yfrak/m/n' in size <8> not available
(Font)              size <10> substituted on input line 19.


LaTeX Font Warning: Font shape `U/yfrak/m/n' in size <6> not available
(Font)              size <10> substituted on input line 19.

LaTeX Font Info:    Try loading font information for U+yswab on input line 20.
(/local/TeX/macros/packages/mfnfss/Uyswab.fd
File: Uyswab.fd 1994/05/27 v2.1eYH Schwabacher font definitions
)

LaTeX Font Warning: Font shape `U/yswab/m/n' in size <8> not available
(Font)              size <10> substituted on input line 20.


LaTeX Font Warning: Font shape `U/yswab/m/n' in size <6> not available
(Font)              size <10> substituted on input line 20.

LaTeX Font Info:    Try loading font information for U+ygoth on input line 21.
(/local/TeX/macros/packages/mfnfss/Uygoth.fd
File: Uygoth.fd 1994/05/27 v2.1eYH Gothic font definitions
)

LaTeX Font Warning: Font shape `U/ygoth/m/n' in size <8> not available
(Font)              size <10> substituted on input line 21.


LaTeX Font Warning: Font shape `U/ygoth/m/n' in size <6> not available
(Font)              size <10> substituted on input line 21.

LaTeX Font Info:    Try loading font information for U+yinit on input line 22.
(/local/TeX/macros/packages/mfnfss/Uyinit.fd
File: Uyinit.fd 1994/05/27 v2.1eYH large initials font definitions
)

LaTeX Font Warning: Font shape `U/yinit/m/n' in size <8> not available
(Font)              size <10> substituted on input line 22.


LaTeX Font Warning: Font shape `U/yinit/m/n' in size <6> not available
(Font)              size <10> substituted on input line 22.

LaTeX Font Info:    Try loading font information for U+euf on input line 23.
(/local/TeX/macros/packages/mfnfss/Ueuf.fd
File: Ueuf.fd 1994/05/12 v2.2b Standard AMS font definitions
)
LaTeX Font Info:    Try loading font information for U+eus on input line 24.

(/local/TeX/macros/packages/mfnfss/Ueus.fd
File: Ueus.fd 1994/05/12 v2.2b Standard AMS font definitions
)
LaTeX Font Info:    Try loading font information for T1+cmtt on input line 26.
 (/local/TeX/macros/LaTeX/T1cmtt.fd
File: T1cmtt.fd 1994/05/12 v2.3b Standard LaTeX font definitions
)

LaTeX Font Warning: Font shape `T1/cmtt/m/it' in size <6> not available
(Font)              size <8> substituted on input line 26.

[1

] (fonts.aux)

LaTeX Font Warning: Size substitutions with differences
(Font)              up to 4.0pt have occured.

 ) 
Here is how much of TeX's memory you used:
 384 strings out of 11024
 4418 string characters out of 74866
 46278 words of memory out of 262141
 3178 multiletter control sequences out of 9500
 10338 words of font info for 39 fonts, out of 100000 for 255
 14 hyphenation exceptions out of 607
 22i,6n,22p,229b,176s stack positions out of 300i,40n,60p,3000b,4000s

Output written on fonts.dvi (1 page, 1052 bytes).
