This is TeX, Version 3.1415 (C version 6.1) (format=latex 94.6.28)  10 SEP 1997 18:20
**&latex2e beh
(beh.tex
LaTeX2e <1994/06/01> patch level 2
Hyphenation patterns for english, norsk, swedish, danish,
german & francais loaded.
(/local/TeX/macros/LaTeX/article.cls
Document Class: article 1994/06/02 v1.2s Standard LaTeX document class
(/local/TeX/macros/LaTeX/size10.clo
File: size10.clo 1994/06/02 v1.2s Standard LaTeX file (size option)
)
\c@part=\count82
\c@section=\count83
\c@subsection=\count84
\c@subsubsection=\count85
\c@paragraph=\count86
\c@subparagraph=\count87
\c@figure=\count88
\c@table=\count89
\abovecaptionskip=\skip41
\belowcaptionskip=\skip42
\bibindent=\dimen102
) (a4wide.tex) (defs.tex
(/local/TeX/macros/AMS-LaTeX-1.2/amssymb.sty
Package: amssymb 1995/02/01 v2.2a

(/local/TeX/macros/AMS-LaTeX-1.2/amsfonts.sty
Package: amsfonts 1995/02/01 v2.2b
\@emptytoks=\toks15
\symAMSa=\mathgroup4
\symAMSb=\mathgroup5
LaTeX Font Info:    Overwriting math alphabet `\mathfrak' in version `bold'
(Font)                  U/euf/m/n --> U/euf/b/n on input line 128.
))
\c@CLAIM=\count90
\c@ax=\count91
\c@axA=\count92
\c@axB=\count93
\c@axC=\count94
\c@axD=\count95
\c@BIB=\count96
)
\c@COMMENT=\count97
\c@CONT=\count98

(/local/TeX/macros/XY-pic/xypic.tex (/local/TeX/macros/XY-pic/xyv2.tex
(/local/TeX/macros/XY-pic/xy.tex Bootstrap'ing: catcodes, docmode,
(/local/TeX/macros/XY-pic/xyidioms.tex)

 XY-pic version 2.12 <1994/10/25>
 Copyright (c) 1991-1994 by Kristoffer H. Rose <kris@diku.dk>
 XY-pic is free software: see the User's Guide for details.

Loading kernel: messages; fonts; allocations: state,
\Xc=\dimen103
\Yc=\dimen104
\Uc=\dimen105
\Dc=\dimen106
\Lc=\dimen107
\Rc=\dimen108
\Edgec=\toks16
\Xp=\dimen109
\Yp=\dimen110
\Up=\dimen111
\Dp=\dimen112
\Lp=\dimen113
\Rp=\dimen114
\Edgep=\toks17
\Xorigin=\dimen115
\Yorigin=\dimen116
\Xxbase=\dimen117
\Yxbase=\dimen118
\Xybase=\dimen119
\Yybase=\dimen120
\Xmin=\dimen121
\Ymin=\dimen122
\Xmax=\dimen123
\Ymax=\dimen124
\lastobjectbox@=\box25
\zerodotbox@=\box26
 direction,
\dX=\dimen125
\dY=\dimen126
\K=\count99
\KK@=\count100
\Direction=\count101
\K@dXdY=\dimen127
\K@dYdX=\dimen128
\xyread@=\read1
\xywrite@=\write4
\csp@=\count102
\quotPTK@=\dimen129

utility macros; pictures: \xy, positions, objects, decorations;
kernel objects: directionals, circles, text; options; algorithms: directions,
edges, connections; XY-pic loaded)
XY-pic option: Version 2 Compatibility feature v.2.12

XY-pic Warning: `\stop' redefined.

(/local/TeX/macros/XY-pic/xyframe.tex
XY-pic option: Frame and Bracket extension v.2.12 loaded)
(/local/TeX/macros/XY-pic/xymatrix.tex XY-pic option: Matrix feature v.2.12
\row@=\count103
\col@=\count104
\queue@=\toks18
\queue@@=\toks19
\qcount@=\count105
\qcount@@=\count106
\matrixsize@=\count107

loaded) (/local/TeX/macros/XY-pic/xyarrow.tex
XY-pic option: Arrow and Path feature v.2.12 path, \ar, loaded)
\xydiagramno@=\count108
 loaded))
(beh.aux)
LaTeX Font Info:    Checking defaults for T1/cmr/m/n on input line 100.
LaTeX Font Info:    ... okay on input line 100.
LaTeX Font Info:    Checking defaults for OT1/cmr/m/n on input line 100.
LaTeX Font Info:    ... okay on input line 100.
LaTeX Font Info:    Checking defaults for OML/cmm/m/it on input line 100.
LaTeX Font Info:    ... okay on input line 100.
LaTeX Font Info:    Checking defaults for OMS/cmsy/m/n on input line 100.
LaTeX Font Info:    ... okay on input line 100.
LaTeX Font Info:    Checking defaults for OMX/cmex/m/n on input line 100.
LaTeX Font Info:    ... okay on input line 100.
LaTeX Font Info:    Checking defaults for U/cmr/m/n on input line 100.
LaTeX Font Info:    ... okay on input line 100.
LaTeX Font Info:    Try loading font information for U+msa on input line 122.
 (/local/TeX/macros/packages/mfnfss/Umsa.fd
File: Umsa.fd 1994/05/12 v2.2b Standard AMS font definitions
)
LaTeX Font Info:    Try loading font information for U+msb on input line 122.

(/local/TeX/macros/packages/mfnfss/Umsb.fd
File: Umsb.fd 1994/05/12 v2.2b Standard AMS font definitions
) <xymatrix 20x3 816> [1

] <xymatrix
14x5 1363> <xymatrix 1x1 18> <xymatrix 1x1 18> [2] <xymatrix 1x1 18> <xymatrix
15x6 1922> [3] <xymatrix 1x1 18> <xymatrix 4x3 384> [4] <xymatrix 12x3 687>
<xymatrix 42x4 1576> <xymatrix 24x4 1211> [5]
! Double subscript.
\lismn #1#2#3->#1_
                  {#2}...#1_{#3}
l.611 }
       
? 
! Double subscript.
\lismn #1#2#3->#1_{#2}...#1_
                            {#3}
l.611 }
       
? 
[6] <xymatrix 7x3 460> <xymatrix 12x3 957> [7] <xymatrix 11x3 676> [8]
<xymatrix 14x3 740> [9] <xymatrix 1x1 18> [10] (beh.bbl) [11] (beh.aux) ) 
Here is how much of TeX's memory you used:
 2378 strings out of 11024
 19497 string characters out of 74866
 163992 words of memory out of 262141
 5148 multiletter control sequences out of 9500
 18601 words of font info for 71 fonts, out of 100000 for 255
 14 hyphenation exceptions out of 607
 25i,22n,24p,273b,652s stack positions out of 300i,40n,60p,3000b,4000s

Output written on beh.dvi (11 pages, 79936 bytes).
