This is TeX, Version 3.1415 (C version 6.1) (format=latex 94.6.28)  6 MAR 1995 13:48
**&latex2e csl
(csl.tex
LaTeX2e <1994/06/01> patch level 2
Hyphenation patterns for english, norsk, swedish, danish,
german & francais loaded.
(/local/TeX/macros/LaTeX/latex209.def
File: latex209.def 1994/06/01 Standard LaTeX file

Entering LaTeX 2.09 compatibility mode.
\footheight=\dimen102
\@maxsep=\dimen103
\@dblmaxsep=\dimen104
(/local/TeX/macros/LaTeX/tracefnt.sty
Package: tracefnt 1994/05/29 v2.3k Standard LaTeX package (font tracing)
\tracingfonts=\count82
LaTeX Info: Redefining \selectfont on input line 113.
)
\symbold=\mathgroup4
\symsans=\mathgroup5
\symtypewriter=\mathgroup6
\symitalic=\mathgroup7
\symsmallcaps=\mathgroup8
\symslanted=\mathgroup9
LaTeX Font Info:    Redeclaring math alphabet \mathbf on input line 179.
LaTeX Font Info:    Redeclaring math alphabet \mathsf on input line 180.
LaTeX Font Info:    Redeclaring math alphabet \mathtt on input line 181.
LaTeX Font Info:    Redeclaring math alphabet \mathit on input line 187.
LaTeX Info: Redefining \em on input line 197.
 (/local/TeX/macros/LaTeX/latexsym.sty
Package: latexsym 1994/05/27 v2.1e Standard LaTeX package (lasy symbols)
\symlasy=\mathgroup10
LaTeX Font Info:    Overwriting symbol font `lasy' in version `bold'
(Font)                  U/lasy/m/n --> U/lasy/b/n on input line 47.
)
LaTeX Font Info:    Redeclaring math delimiter \lgroup on input line 262.
LaTeX Font Info:    Redeclaring math delimiter \rgroup on input line 264.
LaTeX Font Info:    Redeclaring math delimiter \bracevert on input line 266.
)
(/local/TeX/macros/LaTeX/article.cls
Document Class: article 1994/06/02 v1.2s Standard LaTeX document class
(/local/TeX/macros/LaTeX/size10.clo
File: size10.clo 1994/06/02 v1.2s Standard LaTeX file (size option)
)
\c@part=\count83
\c@section=\count84
\c@subsection=\count85
\c@subsubsection=\count86
\c@paragraph=\count87
\c@subparagraph=\count88
\c@figure=\count89
\c@table=\count90
\abovecaptionskip=\skip41
\belowcaptionskip=\skip42
Compatibility mode: definition of \rm ignored.
Compatibility mode: definition of \sf ignored.
Compatibility mode: definition of \tt ignored.
Compatibility mode: definition of \bf ignored.
Compatibility mode: definition of \it ignored.
Compatibility mode: definition of \sl ignored.
Compatibility mode: definition of \sc ignored.
\bibindent=\dimen105
) (llncs.sty
Document Style `llncs', <version 1.2>

! LaTeX Error: Command \c@part already defined.

See the LaTeX manual or LaTeX Companion for explanation.
Type  H <return>  for immediate help.
 ...                                              
                                                  
l.275 \newcounter{part}
                       
? r
OK, entering \nonstopmode...

! LaTeX Error: Command \c@section already defined.

See the LaTeX manual or LaTeX Companion for explanation.
Type  H <return>  for immediate help.
 ...                                              
                                                  
l.276 \newcounter {section}
                           
Your command was ignored.
Type  I <command> <return>  to replace it with another command,
or  <return>  to continue without it.


! LaTeX Error: Command \c@subsection already defined.

See the LaTeX manual or LaTeX Companion for explanation.
Type  H <return>  for immediate help.
 ...                                              
                                                  
l.277 \newcounter {subsection}
                              [section]
Your command was ignored.
Type  I <command> <return>  to replace it with another command,
or  <return>  to continue without it.


! LaTeX Error: Command \c@subsubsection already defined.

See the LaTeX manual or LaTeX Companion for explanation.
Type  H <return>  for immediate help.
 ...                                              
                                                  
l.278 \newcounter {subsubsection}
                                 [subsection]
Your command was ignored.
Type  I <command> <return>  to replace it with another command,
or  <return>  to continue without it.


! LaTeX Error: Command \c@paragraph already defined.

See the LaTeX manual or LaTeX Companion for explanation.
Type  H <return>  for immediate help.
 ...                                              
                                                  
l.279 \newcounter {paragraph}
                             [subsubsection]
Your command was ignored.
Type  I <command> <return>  to replace it with another command,
or  <return>  to continue without it.


! LaTeX Error: Command \c@figure already defined.

See the LaTeX manual or LaTeX Companion for explanation.
Type  H <return>  for immediate help.
 ...                                              
                                                  
l.373 \newcounter{figure}
                         
Your command was ignored.
Type  I <command> <return>  to replace it with another command,
or  <return>  to continue without it.


! LaTeX Error: Command \c@table already defined.

See the LaTeX manual or LaTeX Companion for explanation.
Type  H <return>  for immediate help.
 ...                                              
                                                  
l.385 \newcounter{table}
                        
Your command was ignored.
Type  I <command> <return>  to replace it with another command,
or  <return>  to continue without it.

\c@@inst=\count91
\c@@auth=\count92
\c@theorem=\count93
\c@example=\count94
)
\c@CLAIM=\count95
\c@ITEM=\count96
 (csl.aux)
LaTeX Font Info:    Checking defaults for T1/cmr/m/n on input line 84.
LaTeX Font Info:    ... okay on input line 84.
LaTeX Font Info:    Checking defaults for OT1/cmr/m/n on input line 84.
LaTeX Font Info:    ... okay on input line 84.
LaTeX Font Info:    Checking defaults for OML/cmm/m/it on input line 84.
LaTeX Font Info:    ... okay on input line 84.
LaTeX Font Info:    Checking defaults for OMS/cmsy/m/n on input line 84.
LaTeX Font Info:    ... okay on input line 84.
LaTeX Font Info:    Checking defaults for OMX/cmex/m/n on input line 84.
LaTeX Font Info:    ... okay on input line 84.
LaTeX Font Info:    Checking defaults for U/cmr/m/n on input line 84.
LaTeX Font Info:    ... okay on input line 84.
LaTeX Font Info:    No math setup on input line 97.
LaTeX Font Info:    External font `cmex10' loaded for size
(Font)              <7> on input line 97.
LaTeX Font Info:    External font `cmex10' loaded for size
(Font)              <5> on input line 97.
LaTeX Font Info:    Try loading font information for U+lasy on input line 97.
 (/local/TeX/macros/LaTeX/Ulasy.fd
File: Ulasy.fd 1994/05/27 v2.1eLaTeX symbol font definitions
)
LaTeX Font Info:    No math setup on input line 97.
LaTeX Font Info:    External font `cmex10' loaded for size
(Font)              <9> on input line 97.
LaTeX Font Info:    External font `cmex10' loaded for size
(Font)              <6> on input line 97.
LaTeX Font Info:    No math setup on input line 111.
 [1


]
LaTeX Font Info:    No math setup on input line 163.
LaTeX Font Info:    No math setup on input line 168.
LaTeX Font Info:    No math setup on input line 169.

Overfull \hbox (6.95993pt too wide) in paragraph at lines 187--189
[]\OT1/cmr/m/n/10 Syntactic ex-pres-sions of the lan-guage are in-ter-pre-tated
 in \OT1/cmr/m/it/10 mul-ti-al-ge-bras \OT1/cmr/m/n/10 [[],
 []

[2]
LaTeX Font Info:    No math setup on input line 232.
 [3]
LaTeX Font Info:    No math setup on input line 273.
LaTeX Font Info:    No math setup on input line 296.
LaTeX Font Info:    No math setup on input line 325.
LaTeX Font Info:    No math setup on input line 345.
 [4]
LaTeX Font Info:    No math setup on input line 358.
LaTeX Font Info:    No math setup on input line 404.
 [5]
LaTeX Font Info:    No math setup on input line 465.
 [6]
LaTeX Font Info:    No math setup on input line 500.
 [7] [8]
LaTeX Font Info:    No math setup on input line 663.
 [9]
LaTeX Font Info:    No math setup on input line 709.
 [10] [11]
LaTeX Font Info:    No math setup on input line 836.
 [12] [13]
LaTeX Font Info:    No math setup on input line 967.
LaTeX Font Info:    No math setup on input line 987.
 [14]
Underfull \hbox (badness 1342) in paragraph at lines 1032--1036
\OT1/cmr/m/it/9 culi. \OT1/cmr/m/n/9 Tech-ni-cal Re-port MPI-I-92-224, Max-Plan
ck-Institut f. In-for-matik,
 []

LaTeX Font Info:    No math setup on input line 1053.
[15] (csl.aux) ) 
Here is how much of TeX's memory you used:
 658 strings out of 11024
 6341 string characters out of 74866
 62627 words of memory out of 262141
 3464 multiletter control sequences out of 9500
 16104 words of font info for 59 fonts, out of 100000 for 255
 14 hyphenation exceptions out of 607
 24i,15n,22p,246b,337s stack positions out of 300i,40n,60p,3000b,4000s

Output written on csl.dvi (15 pages, 68184 bytes).
