This is TeX, Version 3.1415 (C version 6.1) (format=latex 94.6.28)  11 AUG 1997 12:01
**&latex2e wadt
(wadt.tex
LaTeX2e <1994/06/01> patch level 2
Hyphenation patterns for english, norsk, swedish, danish,
german & francais loaded.
(/local/TeX/macros/LaTeX/article.cls
Document Class: article 1994/06/02 v1.2s Standard LaTeX document class
(/local/TeX/macros/LaTeX/size10.clo
File: size10.clo 1994/06/02 v1.2s Standard LaTeX file (size option)
)
\c@part=\count82
\c@section=\count83
\c@subsection=\count84
\c@subsubsection=\count85
\c@paragraph=\count86
\c@subparagraph=\count87
\c@figure=\count88
\c@table=\count89
\abovecaptionskip=\skip41
\belowcaptionskip=\skip42
\bibindent=\dimen102
) (a4wide.tex) (defs.tex
\c@CLAIM=\count90
\c@ax=\count91
\c@axA=\count92
\c@axB=\count93
\c@axC=\count94
\c@axD=\count95
\c@BIB=\count96
)
(/local/TeX/macros/XY-pic/xypic.tex (/local/TeX/macros/XY-pic/xyv2.tex
(/local/TeX/macros/XY-pic/xy.tex Bootstrap'ing: catcodes, docmode,
(/local/TeX/macros/XY-pic/xyidioms.tex)

 XY-pic version 2.12 <1994/10/25>
 Copyright (c) 1991-1994 by Kristoffer H. Rose <kris@diku.dk>
 XY-pic is free software: see the User's Guide for details.

Loading kernel: messages; fonts; allocations: state,
\Xc=\dimen103
\Yc=\dimen104
\Uc=\dimen105
\Dc=\dimen106
\Lc=\dimen107
\Rc=\dimen108
\Edgec=\toks15
\Xp=\dimen109
\Yp=\dimen110
\Up=\dimen111
\Dp=\dimen112
\Lp=\dimen113
\Rp=\dimen114
\Edgep=\toks16
\Xorigin=\dimen115
\Yorigin=\dimen116
\Xxbase=\dimen117
\Yxbase=\dimen118
\Xybase=\dimen119
\Yybase=\dimen120
\Xmin=\dimen121
\Ymin=\dimen122
\Xmax=\dimen123
\Ymax=\dimen124
\lastobjectbox@=\box25
\zerodotbox@=\box26
 direction,
\dX=\dimen125
\dY=\dimen126
\K=\count97
\KK@=\count98
\Direction=\count99
\K@dXdY=\dimen127
\K@dYdX=\dimen128
\xyread@=\read1
\xywrite@=\write4
\csp@=\count100
\quotPTK@=\dimen129

utility macros; pictures: \xy, positions, objects, decorations;
kernel objects: directionals, circles, text; options; algorithms: directions,
edges, connections; XY-pic loaded)
XY-pic option: Version 2 Compatibility feature v.2.12

XY-pic Warning: `\stop' redefined.

(/local/TeX/macros/XY-pic/xyframe.tex
XY-pic option: Frame and Bracket extension v.2.12 loaded)
(/local/TeX/macros/XY-pic/xymatrix.tex XY-pic option: Matrix feature v.2.12
\row@=\count101
\col@=\count102
\queue@=\toks17
\queue@@=\toks18
\qcount@=\count103
\qcount@@=\count104
\matrixsize@=\count105

loaded) (/local/TeX/macros/XY-pic/xyarrow.tex
XY-pic option: Arrow and Path feature v.2.12 path, \ar, loaded)
\xydiagramno@=\count106
 loaded))
(wadt.aux)
LaTeX Font Info:    Checking defaults for T1/cmr/m/n on input line 11.
LaTeX Font Info:    ... okay on input line 11.
LaTeX Font Info:    Checking defaults for OT1/cmr/m/n on input line 11.
LaTeX Font Info:    ... okay on input line 11.
LaTeX Font Info:    Checking defaults for OML/cmm/m/it on input line 11.
LaTeX Font Info:    ... okay on input line 11.
LaTeX Font Info:    Checking defaults for OMS/cmsy/m/n on input line 11.
LaTeX Font Info:    ... okay on input line 11.
LaTeX Font Info:    Checking defaults for OMX/cmex/m/n on input line 11.
LaTeX Font Info:    ... okay on input line 11.
LaTeX Font Info:    Checking defaults for U/cmr/m/n on input line 11.
LaTeX Font Info:    ... okay on input line 11.
LaTeX Font Info:    External font `cmex10' loaded for size
(Font)              <7> on input line 22.
LaTeX Font Info:    External font `cmex10' loaded for size
(Font)              <5> on input line 22.
LaTeX Font Info:    External font `cmex10' loaded for size
(Font)              <8> on input line 120.
LaTeX Font Info:    External font `cmex10' loaded for size
(Font)              <6> on input line 120.
 [1

]
LaTeX Font Info:    External font `cmex10' loaded for size
(Font)              <9> on input line 143.
 [2] <xymatrix 21x4 1723> [3] <xymatrix 3x3 442> [4]
Overfull \hbox (0.95784pt too wide) in paragraph at lines 584--590
\OT1/cmr/m/n/10 ^^H \OMS/cmsy/m/n/10 ) \OML/cmm/m/it/10 ^^^[]\OT1/cmr/m/n/10 ; 
\OML/cmm/m/it/10 R[]\OT1/cmr/m/n/10 ; \OML/cmm/m/it/10 ^^^ \OMS/cmsy/m/n/10 ^^R
 \OML/cmm/m/it/10 ^^^[]\OT1/cmr/m/n/10 ; \OML/cmm/m/it/10 ^^^\OT1/cmr/m/n/10 ; 
\OML/cmm/m/it/10 R[] \OMS/cmsy/m/n/10 ) \OML/cmm/m/it/10 ^^^[]\OT1/cmr/m/n/10 ;
 \OML/cmm/m/it/10 R[]\OT1/cmr/m/n/10 ; \OML/cmm/m/it/10 ^^^\OT1/cmr/m/n/10 ; \O
ML/cmm/m/it/10 ^^^[]\OT1/cmr/m/n/10 ; \OML/cmm/m/it/10 ^^^ \OMS/cmsy/m/n/10 ^^R
 \OML/cmm/m/it/10 ^^^[]\OT1/cmr/m/n/10 ; \OML/cmm/m/it/10 ^^^\OT1/cmr/m/n/10 ; 
\OML/cmm/m/it/10 R[]\OT1/cmr/m/n/10 ; \OML/cmm/m/it/10 ^^^[]\OT1/cmr/m/n/10 ; \
OML/cmm/m/it/10 ^^^ \OMS/cmsy/m/n/10 ) \OML/cmm/m/it/10 ^^^[]\OT1/cmr/m/n/10 ; 
\OML/cmm/m/it/10 R[]\OT1/cmr/m/n/10 ; \OML/cmm/m/it/10 ^^^ \OMS/cmsy/m/n/10 ^^R
 \OML/cmm/m/it/10 R[]\OT1/cmr/m/n/10 ; \OML/cmm/m/it/10 ^^^[]\OT1/cmr/m/n/10 ; 
\OML/cmm/m/it/10 ^^^$ 
 []

[5]
Overfull \hbox (6.14996pt too wide) in paragraph at lines 703--705
[][]\OT1/cmr/m/n/10 is strongest: $\OMS/cmsy/m/n/10 8\OML/cmm/m/it/10 a[]:::a[]
; b; a[]:::a[]; b[] \OT1/cmr/m/n/10 : \OML/cmm/m/it/10 R[]\OT1/cmr/m/n/10 (\OML
/cmm/m/it/10 a[]:::a[]; b\OT1/cmr/m/n/10 ) \OMS/cmsy/m/n/10 ^ \OML/cmm/m/it/10 
a[] \OMS/cmsy/m/n/10 ^^X \OML/cmm/m/it/10 a[]:::a[] \OMS/cmsy/m/n/10 ^^X \OML/c
mm/m/it/10 a[] \OMS/cmsy/m/n/10 ^ \OML/cmm/m/it/10 b[] \OMS/cmsy/m/n/10 ^^X \OM
L/cmm/m/it/10 b \OMS/cmsy/m/n/10 ) \OML/cmm/m/it/10 R[]\OT1/cmr/m/n/10 (\OML/cm
m/m/it/10 a[]:::a[]; b[]\OT1/cmr/m/n/10 )$. 
 []

[6]

LaTeX Font Warning: Command \sl invalid in math mode on input line 870.


LaTeX Font Warning: Command \sl invalid in math mode on input line 872.


LaTeX Font Warning: Command \sl invalid in math mode on input line 874.

[7] [8]
Underfull \hbox (badness 1242) in paragraph at lines 1052--1052
[][]\OT1/cmr/m/n/8 A non-compositional vari-ant, used for the same pur-pose as 
here and de-fined by $\OMS/cmsy/m/n/8 8\OML/cmm/m/it/8 a[]:::a[] \OMS/cmsy/m/n/
8 2 [] \OT1/cmr/m/n/8 :
 []

[9]
LaTeX Font Info:    External font `cmex10' loaded for size
(Font)              <12> on input line 1170.
 [10] [11]

LaTeX Font Warning: Command \tiny invalid in math mode on input line 1396.


LaTeX Font Warning: Command \tiny invalid in math mode on input line 1412.


LaTeX Font Warning: Command \tiny invalid in math mode on input line 1421.


LaTeX Font Warning: Command \tiny invalid in math mode on input line 1422.


LaTeX Font Warning: Command \tiny invalid in math mode on input line 1423.

[12]
Overfull \hbox (4.29999pt too wide) in paragraph at lines 1560--1570
[] 
 []

[13] [14] (wadt.bbl [15]) [16] (wadt.aux)

LaTeX Warning: Label(s) may have changed. Rerun to get cross-references right.

 ) 
Here is how much of TeX's memory you used:
 1836 strings out of 11024
 15335 string characters out of 74866
 145691 words of memory out of 262141
 4644 multiletter control sequences out of 9500
 13304 words of font info for 48 fonts, out of 100000 for 255
 14 hyphenation exceptions out of 607
 23i,14n,24p,223b,583s stack positions out of 300i,40n,60p,3000b,4000s

Output written on wadt.dvi (16 pages, 100260 bytes).
