This is TeX, Version 3.1415 (C version 6.1) (format=latex 94.6.28)  1 DEC 1997 17:02
**&latex2e neq
(neq.tex
LaTeX2e <1994/06/01> patch level 2
Hyphenation patterns for english, norsk, swedish, danish,
german & francais loaded.
(/local/TeX/macros/LaTeX/article.cls
Document Class: article 1994/06/02 v1.2s Standard LaTeX document class
(/local/TeX/macros/LaTeX/size10.clo
File: size10.clo 1994/06/02 v1.2s Standard LaTeX file (size option)
)
\c@part=\count82
\c@section=\count83
\c@subsection=\count84
\c@subsubsection=\count85
\c@paragraph=\count86
\c@subparagraph=\count87
\c@figure=\count88
\c@table=\count89
\abovecaptionskip=\skip41
\belowcaptionskip=\skip42
\bibindent=\dimen102
) (a4wide.tex) (defs.tex
\c@ax=\count90
\c@axA=\count91
\c@axB=\count92
\c@axC=\count93
\c@axD=\count94
\c@CLAIM=\count95
\c@FACT=\count96
\c@ITEM=\count97
)
(/local/TeX/macros/xypic-3.5/xypic.tex (/local/TeX/macros/xypic-3.5/xyv2.tex
(/local/TeX/macros/xypic-3.5/xy.tex Bootstrap'ing: catcodes, docmode,
(/local/TeX/macros/xypic-3.5/xyrecat.tex)
(/local/TeX/macros/xypic-3.5/xyidioms.tex)

 Xy-pic version 3.5 <1997/05/28>
 Copyright (c) 1991-1997 by Kristoffer H. Rose <krisrose@brics.dk>
 Xy-pic is free software: see the User's Guide for details.

Loading kernel: messages; fonts; allocations: state,
\X@c=\dimen103
\Y@c=\dimen104
\U@c=\dimen105
\D@c=\dimen106
\L@c=\dimen107
\R@c=\dimen108
\Edge@c=\toks15
\X@p=\dimen109
\Y@p=\dimen110
\U@p=\dimen111
\D@p=\dimen112
\L@p=\dimen113
\R@p=\dimen114
\Edge@p=\toks16
\X@origin=\dimen115
\Y@origin=\dimen116
\X@xbase=\dimen117
\Y@xbase=\dimen118
\X@ybase=\dimen119
\Y@ybase=\dimen120
\X@min=\dimen121
\Y@min=\dimen122
\X@max=\dimen123
\Y@max=\dimen124
\lastobjectbox@=\box25
\zerodotbox@=\box26
\almostz@=\dimen125
 direction,
\d@X=\dimen126
\d@Y=\dimen127
\K@=\count98
\KK@=\count99
\Direction=\count100
\K@dXdY=\dimen128
\K@dYdX=\dimen129
\xyread@=\read1
\xywrite@=\write4
\csp@=\count101
\quotPTK@=\dimen130

utility macros; pictures: \xy, positions,
\swaptoks@@=\toks17
\connectobjectbox@@=\box27
 objects,
\styletoks@=\toks18
 decorations;
kernel objects: directionals, circles, text; options; algorithms: directions,
edges, connections;  Xy-pic loaded)
 Xy-pic option: Version 2 Compatibility v.3.4

Xy-pic Warning: `\stop' redefined.

(/local/TeX/macros/xypic-3.5/xyframe.tex
 Xy-pic option: Frame and Bracket extension v.3.4 loaded)
(/local/TeX/macros/xypic-3.5/xymatrix.tex  Xy-pic option: Matrix feature v.3.4
\Row=\count102
\Col=\count103
\queue@=\toks19
\queue@@=\toks20
\qcount@=\count104
\qcount@@=\count105
\matrixsize@=\count106

loaded) (/local/TeX/macros/xypic-3.5/xyarrow.tex
 Xy-pic option: Arrow and Path feature v.3.5 path, \ar, loaded) loaded))
(neq.aux)
LaTeX Font Info:    Checking defaults for T1/cmr/m/n on input line 26.
LaTeX Font Info:    ... okay on input line 26.
LaTeX Font Info:    Checking defaults for OT1/cmr/m/n on input line 26.
LaTeX Font Info:    ... okay on input line 26.
LaTeX Font Info:    Checking defaults for OML/cmm/m/it on input line 26.
LaTeX Font Info:    ... okay on input line 26.
LaTeX Font Info:    Checking defaults for OMS/cmsy/m/n on input line 26.
LaTeX Font Info:    ... okay on input line 26.
LaTeX Font Info:    Checking defaults for OMX/cmex/m/n on input line 26.
LaTeX Font Info:    ... okay on input line 26.
LaTeX Font Info:    Checking defaults for U/cmr/m/n on input line 26.
LaTeX Font Info:    ... okay on input line 26.
 (neqA.tex
LaTeX Font Info:    External font `cmex10' loaded for size
(Font)              <7> on input line 4.
LaTeX Font Info:    External font `cmex10' loaded for size
(Font)              <5> on input line 4.
LaTeX Font Info:    External font `cmex10' loaded for size
(Font)              <8> on input line 52.
LaTeX Font Info:    External font `cmex10' loaded for size
(Font)              <6> on input line 52.
 [1

] [2]
LaTeX Font Info:    External font `cmex10' loaded for size
(Font)              <12> on input line 226.
 [3] [4] [5] [6]
Underfull \hbox (badness 10000) in paragraph at lines 553--555

 []

[7]) (neqB.tex
LaTeX Font Info:    External font `cmex10' loaded for size
(Font)              <14.4> on input line 12.
 [8] (neq4.tex) [9]

LaTeX Font Warning: Command \small invalid in math mode on input line 160.

LaTeX Font Info:    External font `cmex10' loaded for size
(Font)              <9> on input line 160.
[10]

LaTeX Font Warning: Command \small invalid in math mode on input line 230.


Overfull \hbox (12.35274pt too wide) detected at line 231
| []
 []


LaTeX Font Warning: Command \small invalid in math mode on input line 242.


Overfull \hbox (10.22704pt too wide) detected at line 243
| []
 []

[11] [12]

LaTeX Font Warning: Command \small invalid in math mode on input line 379.


Overfull \hbox (10.9325pt too wide) detected at line 380
| []
 []


LaTeX Font Warning: Command \small invalid in math mode on input line 396.

[13]

LaTeX Font Warning: Command \small invalid in math mode on input line 543.


Overfull \hbox (23.4734pt too wide) detected at line 543
| []
 []


Overfull \hbox (23.24365pt too wide) detected at line 560
[]    \OMS/cmsy/m/n/10 )    []
 []

[14]
Overfull \hbox (4.57208pt too wide) detected at line 587
[]    \OMS/cmsy/m/n/10 )    []
 []


Overfull \hbox (29.74097pt too wide) detected at line 602
[]    \OMS/cmsy/m/n/10 )    []
 []


Overfull \hbox (25.6832pt too wide) detected at line 616
[]    \OMS/cmsy/m/n/10 )    []
 []

[15]

LaTeX Font Warning: Command \small invalid in math mode on input line 703.

[16]

LaTeX Font Warning: Command \small invalid in math mode on input line 817.


LaTeX Font Warning: Command \small invalid in math mode on input line 851.


LaTeX Font Warning: Command \small invalid in math mode on input line 866.


LaTeX Font Warning: Command \small invalid in math mode on input line 878.

[17]

LaTeX Font Warning: Command \small invalid in math mode on input line 978.


LaTeX Font Warning: Command \small invalid in math mode on input line 990.

[18]

LaTeX Font Warning: Command \small invalid in math mode on input line 1027.


Overfull \hbox (4.51164pt too wide) detected at line 1028
| []
 []


LaTeX Font Warning: Command \small invalid in math mode on input line 1095.


Overfull \hbox (7.95113pt too wide) detected at line 1096
| []
 []


LaTeX Font Warning: Command \small invalid in math mode on input line 1107.


Overfull \hbox (11.19832pt too wide) detected at line 1108
| []
 []


LaTeX Font Warning: Command \small invalid in math mode on input line 1119.


Overfull \hbox (12.26796pt too wide) detected at line 1120
| []
 []

[19] [20]

LaTeX Font Warning: Command \small invalid in math mode on input line 1278.


Overfull \hbox (23.54956pt too wide) detected at line 1279
| []
 []


LaTeX Font Warning: Command \small invalid in math mode on input line 1290.


Overfull \hbox (19.37317pt too wide) detected at line 1291
| []
 []


Overfull \hbox (6.10834pt too wide) detected at line 1312
[]    \OMS/cmsy/m/n/10 )    []
 []


LaTeX Font Warning: Command \small invalid in math mode on input line 1338.

[21]

LaTeX Font Warning: Command \small invalid in math mode on input line 1343.


LaTeX Font Warning: Command \small invalid in math mode on input line 1356.


Overfull \hbox (25.09738pt too wide) detected at line 1357
| []
 []


LaTeX Font Warning: Command \small invalid in math mode on input line 1383.


Overfull \hbox (27.37508pt too wide) detected at line 1384
| []
 []

[22] [23] [24] [25] (proof.tex [26]
Overfull \hbox (8.35927pt too wide) detected at line 90
\OML/cmm/m/it/10 D[] []
 []

[27] [28]
Overfull \hbox (9.52953pt too wide) detected at line 276
[]
 []

[29]
Overfull \hbox (9.65234pt too wide) detected at line 410
[]
 []


Overfull \hbox (7.65561pt too wide) detected at line 441
[]
 []


Overfull \hbox (7.73769pt too wide) detected at line 468
[]
 []

)) (neqC.tex [30] [31]

LaTeX Font Warning: Command \small invalid in math mode on input line 204.

[32]

LaTeX Font Warning: Command \small invalid in math mode on input line 288.


LaTeX Font Warning: Command \small invalid in math mode on input line 303.


LaTeX Font Warning: Command \small invalid in math mode on input line 318.


LaTeX Font Warning: Command \small invalid in math mode on input line 330.


Overfull \hbox (17.02931pt too wide) detected at line 331
| []
 []


LaTeX Font Warning: Command \small invalid in math mode on input line 356.


Overfull \hbox (9.86844pt too wide) detected at line 399
[]    \OMS/cmsy/m/n/10 )    []
 []

[33]
Overfull \hbox (8.79205pt too wide) detected at line 412
[]    \OMS/cmsy/m/n/10 )    []
 []


LaTeX Font Warning: Command \small invalid in math mode on input line 451.


LaTeX Font Warning: Command \small invalid in math mode on input line 464.


LaTeX Font Warning: Command \small invalid in math mode on input line 520.

[34]

LaTeX Font Warning: Command \small invalid in math mode on input line 534.

[35]
Overfull \hbox (21.73055pt too wide) detected at line 750
[]    \OMS/cmsy/m/n/10 )    []
 []


Overfull \hbox (20.70277pt too wide) detected at line 761
[]    \OMS/cmsy/m/n/10 )    []
 []

[36]

LaTeX Font Warning: Command \small invalid in math mode on input line 800.


Overfull \hbox (7.77013pt too wide) detected at line 801
| []
 []


LaTeX Font Warning: Command \small invalid in math mode on input line 815.


Overfull \hbox (7.43575pt too wide) detected at line 816
| []
 []


LaTeX Font Warning: Command \small invalid in math mode on input line 835.


Overfull \hbox (5.5131pt too wide) detected at line 836
| []
 []

[37]

LaTeX Font Warning: Command \small invalid in math mode on input line 886.

[38]

LaTeX Font Warning: Command \small invalid in math mode on input line 1017.

[39]

LaTeX Font Warning: Command \small invalid in math mode on input line 1171.


Overfull \hbox (20.3114pt too wide) detected at line 1172
| []
 []

[40] <xymatrix 7x2 242> [41]

LaTeX Font Warning: Command \small invalid in math mode on input line 1290.

[42]) [43] [44] (neq.aux) ) 
Here is how much of TeX's memory you used:
 2222 strings out of 11024
 20714 string characters out of 74866
 109361 words of memory out of 262141
 5022 multiletter control sequences out of 9500
 11896 words of font info for 43 fonts, out of 100000 for 255
 14 hyphenation exceptions out of 607
 26i,20n,21p,967b,745s stack positions out of 300i,40n,60p,3000b,4000s

Output written on neq.dvi (44 pages, 263748 bytes).
